# JRE version: OpenJDK Runtime Environment (21.0.2+13) (build 21.0.2+13-58)
# Java VM: OpenJDK 64-Bit Server VM (21.0.2+13-58, mixed mode, sharing, tiered, compressed oops, compressed class ptrs, g1 gc, windows-amd64)
GC Precious Log:
 CardTable entry size: 512
 Card Set container configuration: InlinePtr #cards 5 size 8 Array Of Cards #cards 12 size 40 Howl #buckets 4 coarsen threshold 1843 Howl Bitmap #cards 512 size 80 coarsen threshold 460 Card regions per heap region 1 cards per card region 2048
 CPUs: 8 total, 8 available
 Memory: 7502M
 Large Page Support: Disabled
 NUMA Support: Disabled
 Compressed Oops: Enabled (32-bit)
 Heap Region Size: 1M
 Heap Min Capacity: 8M
 Heap Initial Capacity: 118M
 Heap Max Capacity: 1876M
 Pre-touch: Disabled
 Parallel Workers: 8
 Concurrent Workers: 2
 Concurrent Refinement Workers: 8
 Periodic GC: Disabled
Heap:
 garbage-first heap   total 62464K, used 44283K [0x000000008ac00000, 0x0000000100000000)
  region size 1024K, 20 young (20480K), 4 survivors (4096K)
 Metaspace       used 65244K, committed 65984K, reserved 1114112K
  class space    used 8823K, committed 9152K, reserved 1048576K
GC Heap History (20 events):
Event: 1.683 GC heap before
{Heap before GC invocations=1 (full 0):
 garbage-first heap   total 120832K, used 36473K [0x000000008ac00000, 0x0000000100000000)
  region size 1024K, 33 young (33792K), 3 survivors (3072K)
 Metaspace       used 14174K, committed 14464K, reserved 1114112K
  class space    used 1669K, committed 1792K, reserved 1048576K
}
Event: 1.688 GC heap after
{Heap after GC invocations=2 (full 0):
 garbage-first heap   total 120832K, used 9694K [0x000000008ac00000, 0x0000000100000000)
  region size 1024K, 3 young (3072K), 3 survivors (3072K)
 Metaspace       used 14174K, committed 14464K, reserved 1114112K
  class space    used 1669K, committed 1792K, reserved 1048576K
}
Event: 2.768 GC heap before
{Heap before GC invocations=2 (full 0):
 garbage-first heap   total 120832K, used 53726K [0x000000008ac00000, 0x0000000100000000)
  region size 1024K, 48 young (49152K), 3 survivors (3072K)
 Metaspace       used 21230K, committed 21504K, reserved 1114112K
  class space    used 2554K, committed 2688K, reserved 1048576K
}
Event: 2.773 GC heap after
{Heap after GC invocations=3 (full 0):
 garbage-first heap   total 120832K, used 13692K [0x000000008ac00000, 0x0000000100000000)
  region size 1024K, 7 young (7168K), 7 survivors (7168K)
 Metaspace       used 21230K, committed 21504K, reserved 1114112K
  class space    used 2554K, committed 2688K, reserved 1048576K
}
Event: 3.840 GC heap before
{Heap before GC invocations=4 (full 0):
 garbage-first heap   total 51200K, used 50556K [0x000000008ac00000, 0x0000000100000000)
  region size 1024K, 43 young (44032K), 7 survivors (7168K)
 Metaspace       used 27595K, committed 28032K, reserved 1114112K
  class space    used 3463K, committed 3648K, reserved 1048576K
}
Event: 3.847 GC heap after
{Heap after GC invocations=5 (full 0):
 garbage-first heap   total 62464K, used 17242K [0x000000008ac00000, 0x0000000100000000)
  region size 1024K, 8 young (8192K), 8 survivors (8192K)
 Metaspace       used 27595K, committed 28032K, reserved 1114112K
  class space    used 3463K, committed 3648K, reserved 1048576K
}
Event: 4.500 GC heap before
{Heap before GC invocations=5 (full 0):
 garbage-first heap   total 62464K, used 45914K [0x000000008ac00000, 0x0000000100000000)
  region size 1024K, 36 young (36864K), 8 survivors (8192K)
 Metaspace       used 32277K, committed 32896K, reserved 1114112K
  class space    used 4078K, committed 4352K, reserved 1048576K
}
Event: 4.506 GC heap after
{Heap after GC invocations=6 (full 0):
 garbage-first heap   total 62464K, used 19112K [0x000000008ac00000, 0x0000000100000000)
  region size 1024K, 3 young (3072K), 3 survivors (3072K)
 Metaspace       used 32277K, committed 32896K, reserved 1114112K
  class space    used 4078K, committed 4352K, reserved 1048576K
}
Event: 4.773 GC heap before
{Heap before GC invocations=6 (full 0):
 garbage-first heap   total 62464K, used 30376K [0x000000008ac00000, 0x0000000100000000)
  region size 1024K, 15 young (15360K), 3 survivors (3072K)
 Metaspace       used 35412K, committed 35968K, reserved 1114112K
  class space    used 4594K, committed 4864K, reserved 1048576K
}
Event: 4.775 GC heap after
{Heap after GC invocations=7 (full 0):
 garbage-first heap   total 62464K, used 19227K [0x000000008ac00000, 0x0000000100000000)
  region size 1024K, 3 young (3072K), 3 survivors (3072K)
 Metaspace       used 35412K, committed 35968K, reserved 1114112K
  class space    used 4594K, committed 4864K, reserved 1048576K
}
Event: 5.793 GC heap before
{Heap before GC invocations=8 (full 0):
 garbage-first heap   total 62464K, used 49947K [0x000000008ac00000, 0x0000000100000000)
  region size 1024K, 34 young (34816K), 3 survivors (3072K)
 Metaspace       used 43569K, committed 44160K, reserved 1114112K
  class space    used 5692K, committed 6016K, reserved 1048576K
}
Event: 5.798 GC heap after
{Heap after GC invocations=9 (full 0):
 garbage-first heap   total 62464K, used 21746K [0x000000008ac00000, 0x0000000100000000)
  region size 1024K, 5 young (5120K), 5 survivors (5120K)
 Metaspace       used 43569K, committed 44160K, reserved 1114112K
  class space    used 5692K, committed 6016K, reserved 1048576K
}
Event: 6.468 GC heap before
{Heap before GC invocations=9 (full 0):
 garbage-first heap   total 62464K, used 51442K [0x000000008ac00000, 0x0000000100000000)
  region size 1024K, 35 young (35840K), 5 survivors (5120K)
 Metaspace       used 51512K, committed 52160K, reserved 1114112K
  class space    used 6928K, committed 7232K, reserved 1048576K
}
Event: 6.472 GC heap after
{Heap after GC invocations=10 (full 0):
 garbage-first heap   total 62464K, used 22588K [0x000000008ac00000, 0x0000000100000000)
  region size 1024K, 4 young (4096K), 4 survivors (4096K)
 Metaspace       used 51512K, committed 52160K, reserved 1114112K
  class space    used 6928K, committed 7232K, reserved 1048576K
}
Event: 7.221 GC heap before
{Heap before GC invocations=10 (full 0):
 garbage-first heap   total 62464K, used 53308K [0x000000008ac00000, 0x0000000100000000)
  region size 1024K, 34 young (34816K), 4 survivors (4096K)
 Metaspace       used 57713K, committed 58368K, reserved 1114112K
  class space    used 7736K, committed 8064K, reserved 1048576K
}
Event: 7.226 GC heap after
{Heap after GC invocations=11 (full 0):
 garbage-first heap   total 62464K, used 24849K [0x000000008ac00000, 0x0000000100000000)
  region size 1024K, 4 young (4096K), 4 survivors (4096K)
 Metaspace       used 57713K, committed 58368K, reserved 1114112K
  class space    used 7736K, committed 8064K, reserved 1048576K
}
Event: 7.511 GC heap before
{Heap before GC invocations=11 (full 0):
 garbage-first heap   total 62464K, used 33041K [0x000000008ac00000, 0x0000000100000000)
  region size 1024K, 13 young (13312K), 4 survivors (4096K)
 Metaspace       used 59550K, committed 60160K, reserved 1114112K
  class space    used 8030K, committed 8320K, reserved 1048576K
}
Event: 7.515 GC heap after
{Heap after GC invocations=12 (full 0):
 garbage-first heap   total 62464K, used 26112K [0x000000008ac00000, 0x0000000100000000)
  region size 1024K, 2 young (2048K), 2 survivors (2048K)
 Metaspace       used 59550K, committed 60160K, reserved 1114112K
  class space    used 8030K, committed 8320K, reserved 1048576K
}
Event: 8.315 GC heap before
{Heap before GC invocations=13 (full 0):
 garbage-first heap   total 62464K, used 53760K [0x000000008ac00000, 0x0000000100000000)
  region size 1024K, 29 young (29696K), 2 survivors (2048K)
 Metaspace       used 62192K, committed 62848K, reserved 1114112K
  class space    used 8415K, committed 8704K, reserved 1048576K
}
Event: 8.318 GC heap after
{Heap after GC invocations=14 (full 0):
 garbage-first heap   total 62464K, used 28923K [0x000000008ac00000, 0x0000000100000000)
  region size 1024K, 4 young (4096K), 4 survivors (4096K)
 Metaspace       used 62192K, committed 62848K, reserved 1114112K
  class space    used 8415K, committed 8704K, reserved 1048576K
}

