# JRE version: OpenJDK Runtime Environment (21.0.2+13) (build 21.0.2+13-58)
# Java VM: OpenJDK 64-Bit Server VM (21.0.2+13-58, mixed mode, sharing, tiered, compressed oops, compressed class ptrs, g1 gc, windows-amd64)
GC Precious Log:
 CardTable entry size: 512
 Card Set container configuration: InlinePtr #cards 5 size 8 Array Of Cards #cards 12 size 40 Howl #buckets 4 coarsen threshold 1843 Howl Bitmap #cards 512 size 80 coarsen threshold 460 Card regions per heap region 1 cards per card region 2048
 CPUs: 8 total, 8 available
 Memory: 7502M
 Large Page Support: Disabled
 NUMA Support: Disabled
 Compressed Oops: Enabled (32-bit)
 Heap Region Size: 1M
 Heap Min Capacity: 8M
 Heap Initial Capacity: 118M
 Heap Max Capacity: 1876M
 Pre-touch: Disabled
 Parallel Workers: 8
 Concurrent Workers: 2
 Concurrent Refinement Workers: 8
 Periodic GC: Disabled
Heap:
 garbage-first heap   total 51200K, used 36010K [0x000000008ac00000, 0x0000000100000000)
  region size 1024K, 15 young (15360K), 3 survivors (3072K)
 Metaspace       used 58297K, committed 59008K, reserved 1114112K
  class space    used 7834K, committed 8128K, reserved 1048576K
GC Heap History (20 events):
Event: 4.460 GC heap before
{Heap before GC invocations=1 (full 0):
 garbage-first heap   total 120832K, used 36767K [0x000000008ac00000, 0x0000000100000000)
  region size 1024K, 32 young (32768K), 3 survivors (3072K)
 Metaspace       used 13953K, committed 14272K, reserved 1114112K
  class space    used 1648K, committed 1792K, reserved 1048576K
}
Event: 4.465 GC heap after
{Heap after GC invocations=2 (full 0):
 garbage-first heap   total 120832K, used 9773K [0x000000008ac00000, 0x0000000100000000)
  region size 1024K, 3 young (3072K), 3 survivors (3072K)
 Metaspace       used 13953K, committed 14272K, reserved 1114112K
  class space    used 1648K, committed 1792K, reserved 1048576K
}
Event: 5.892 GC heap before
{Heap before GC invocations=2 (full 0):
 garbage-first heap   total 120832K, used 54829K [0x000000008ac00000, 0x0000000100000000)
  region size 1024K, 49 young (50176K), 3 survivors (3072K)
 Metaspace       used 21229K, committed 21504K, reserved 1114112K
  class space    used 2555K, committed 2688K, reserved 1048576K
}
Event: 5.897 GC heap after
{Heap after GC invocations=3 (full 0):
 garbage-first heap   total 120832K, used 13732K [0x000000008ac00000, 0x0000000100000000)
  region size 1024K, 7 young (7168K), 7 survivors (7168K)
 Metaspace       used 21229K, committed 21504K, reserved 1114112K
  class space    used 2555K, committed 2688K, reserved 1048576K
}
Event: 6.770 GC heap before
{Heap before GC invocations=4 (full 0):
 garbage-first heap   total 51200K, used 37284K [0x000000008ac00000, 0x0000000100000000)
  region size 1024K, 30 young (30720K), 7 survivors (7168K)
 Metaspace       used 24889K, committed 25344K, reserved 1114112K
  class space    used 3086K, committed 3264K, reserved 1048576K
}
Event: 6.775 GC heap after
{Heap after GC invocations=5 (full 0):
 garbage-first heap   total 51200K, used 16025K [0x000000008ac00000, 0x0000000100000000)
  region size 1024K, 3 young (3072K), 3 survivors (3072K)
 Metaspace       used 24889K, committed 25344K, reserved 1114112K
  class space    used 3086K, committed 3264K, reserved 1048576K
}
Event: 7.395 GC heap before
{Heap before GC invocations=5 (full 0):
 garbage-first heap   total 51200K, used 38553K [0x000000008ac00000, 0x0000000100000000)
  region size 1024K, 26 young (26624K), 3 survivors (3072K)
 Metaspace       used 29042K, committed 29632K, reserved 1114112K
  class space    used 3631K, committed 3904K, reserved 1048576K
}
Event: 7.401 GC heap after
{Heap after GC invocations=6 (full 0):
 garbage-first heap   total 51200K, used 17896K [0x000000008ac00000, 0x0000000100000000)
  region size 1024K, 3 young (3072K), 3 survivors (3072K)
 Metaspace       used 29042K, committed 29632K, reserved 1114112K
  class space    used 3631K, committed 3904K, reserved 1048576K
}
Event: 8.053 GC heap before
{Heap before GC invocations=6 (full 0):
 garbage-first heap   total 51200K, used 39400K [0x000000008ac00000, 0x0000000100000000)
  region size 1024K, 24 young (24576K), 3 survivors (3072K)
 Metaspace       used 33406K, committed 33920K, reserved 1114112K
  class space    used 4253K, committed 4480K, reserved 1048576K
}
Event: 8.056 GC heap after
{Heap after GC invocations=7 (full 0):
 garbage-first heap   total 51200K, used 19160K [0x000000008ac00000, 0x0000000100000000)
  region size 1024K, 2 young (2048K), 2 survivors (2048K)
 Metaspace       used 33406K, committed 33920K, reserved 1114112K
  class space    used 4253K, committed 4480K, reserved 1048576K
}
Event: 8.270 GC heap before
{Heap before GC invocations=7 (full 0):
 garbage-first heap   total 51200K, used 27352K [0x000000008ac00000, 0x0000000100000000)
  region size 1024K, 11 young (11264K), 2 survivors (2048K)
 Metaspace       used 35420K, committed 35968K, reserved 1114112K
  class space    used 4592K, committed 4864K, reserved 1048576K
}
Event: 8.272 GC heap after
{Heap after GC invocations=8 (full 0):
 garbage-first heap   total 51200K, used 19503K [0x000000008ac00000, 0x0000000100000000)
  region size 1024K, 2 young (2048K), 2 survivors (2048K)
 Metaspace       used 35420K, committed 35968K, reserved 1114112K
  class space    used 4592K, committed 4864K, reserved 1048576K
}
Event: 9.115 GC heap before
{Heap before GC invocations=9 (full 0):
 garbage-first heap   total 51200K, used 43055K [0x000000008ac00000, 0x0000000100000000)
  region size 1024K, 25 young (25600K), 2 survivors (2048K)
 Metaspace       used 41936K, committed 42432K, reserved 1114112K
  class space    used 5500K, committed 5696K, reserved 1048576K
}
Event: 9.119 GC heap after
{Heap after GC invocations=10 (full 0):
 garbage-first heap   total 51200K, used 21125K [0x000000008ac00000, 0x0000000100000000)
  region size 1024K, 4 young (4096K), 4 survivors (4096K)
 Metaspace       used 41936K, committed 42432K, reserved 1114112K
  class space    used 5500K, committed 5696K, reserved 1048576K
}
Event: 9.709 GC heap before
{Heap before GC invocations=10 (full 0):
 garbage-first heap   total 51200K, used 41605K [0x000000008ac00000, 0x0000000100000000)
  region size 1024K, 25 young (25600K), 4 survivors (4096K)
 Metaspace       used 47142K, committed 47744K, reserved 1114112K
  class space    used 6208K, committed 6464K, reserved 1048576K
}
Event: 9.713 GC heap after
{Heap after GC invocations=11 (full 0):
 garbage-first heap   total 51200K, used 22119K [0x000000008ac00000, 0x0000000100000000)
  region size 1024K, 4 young (4096K), 4 survivors (4096K)
 Metaspace       used 47142K, committed 47744K, reserved 1114112K
  class space    used 6208K, committed 6464K, reserved 1048576K
}
Event: 10.155 GC heap before
{Heap before GC invocations=11 (full 0):
 garbage-first heap   total 51200K, used 42599K [0x000000008ac00000, 0x0000000100000000)
  region size 1024K, 24 young (24576K), 4 survivors (4096K)
 Metaspace       used 51602K, committed 52224K, reserved 1114112K
  class space    used 6931K, committed 7232K, reserved 1048576K
}
Event: 10.158 GC heap after
{Heap after GC invocations=12 (full 0):
 garbage-first heap   total 51200K, used 23008K [0x000000008ac00000, 0x0000000100000000)
  region size 1024K, 3 young (3072K), 3 survivors (3072K)
 Metaspace       used 51602K, committed 52224K, reserved 1114112K
  class space    used 6931K, committed 7232K, reserved 1048576K
}
Event: 10.731 GC heap before
{Heap before GC invocations=12 (full 0):
 garbage-first heap   total 51200K, used 43488K [0x000000008ac00000, 0x0000000100000000)
  region size 1024K, 23 young (23552K), 3 survivors (3072K)
 Metaspace       used 56204K, committed 56832K, reserved 1114112K
  class space    used 7578K, committed 7872K, reserved 1048576K
}
Event: 10.735 GC heap after
{Heap after GC invocations=13 (full 0):
 garbage-first heap   total 51200K, used 24746K [0x000000008ac00000, 0x0000000100000000)
  region size 1024K, 3 young (3072K), 3 survivors (3072K)
 Metaspace       used 56204K, committed 56832K, reserved 1114112K
  class space    used 7578K, committed 7872K, reserved 1048576K
}

