# JRE version: OpenJDK Runtime Environment (21.0.2+13) (build 21.0.2+13-58)
# Java VM: OpenJDK 64-Bit Server VM (21.0.2+13-58, mixed mode, sharing, tiered, compressed oops, compressed class ptrs, g1 gc, windows-amd64)
GC Precious Log:
 CardTable entry size: 512
 Card Set container configuration: InlinePtr #cards 5 size 8 Array Of Cards #cards 12 size 40 Howl #buckets 4 coarsen threshold 1843 Howl Bitmap #cards 512 size 80 coarsen threshold 460 Card regions per heap region 1 cards per card region 2048
 CPUs: 8 total, 8 available
 Memory: 7502M
 Large Page Support: Disabled
 NUMA Support: Disabled
 Compressed Oops: Enabled (32-bit)
 Heap Region Size: 1M
 Heap Min Capacity: 8M
 Heap Initial Capacity: 118M
 Heap Max Capacity: 1876M
 Pre-touch: Disabled
 Parallel Workers: 8
 Concurrent Workers: 2
 Concurrent Refinement Workers: 8
 Periodic GC: Disabled
Heap:
 garbage-first heap   total 51200K, used 25727K [0x000000008ac00000, 0x0000000100000000)
  region size 1024K, 5 young (5120K), 3 survivors (3072K)
 Metaspace       used 57227K, committed 57920K, reserved 1114112K
  class space    used 7674K, committed 8000K, reserved 1048576K
GC Heap History (20 events):
Event: 0.951 GC heap after
{Heap after GC invocations=1 (full 0):
 garbage-first heap   total 120832K, used 6527K [0x000000008ac00000, 0x0000000100000000)
  region size 1024K, 3 young (3072K), 3 survivors (3072K)
 Metaspace       used 5837K, committed 6080K, reserved 1114112K
  class space    used 659K, committed 768K, reserved 1048576K
}
Event: 1.649 GC heap before
{Heap before GC invocations=1 (full 0):
 garbage-first heap   total 120832K, used 36223K [0x000000008ac00000, 0x0000000100000000)
  region size 1024K, 33 young (33792K), 3 survivors (3072K)
 Metaspace       used 14182K, committed 14464K, reserved 1114112K
  class space    used 1673K, committed 1792K, reserved 1048576K
}
Event: 1.654 GC heap after
{Heap after GC invocations=2 (full 0):
 garbage-first heap   total 120832K, used 9792K [0x000000008ac00000, 0x0000000100000000)
  region size 1024K, 4 young (4096K), 4 survivors (4096K)
 Metaspace       used 14182K, committed 14464K, reserved 1114112K
  class space    used 1673K, committed 1792K, reserved 1048576K
}
Event: 2.735 GC heap before
{Heap before GC invocations=2 (full 0):
 garbage-first heap   total 120832K, used 53824K [0x000000008ac00000, 0x0000000100000000)
  region size 1024K, 49 young (50176K), 4 survivors (4096K)
 Metaspace       used 21242K, committed 21504K, reserved 1114112K
  class space    used 2557K, committed 2688K, reserved 1048576K
}
Event: 2.740 GC heap after
{Heap after GC invocations=3 (full 0):
 garbage-first heap   total 120832K, used 13808K [0x000000008ac00000, 0x0000000100000000)
  region size 1024K, 7 young (7168K), 7 survivors (7168K)
 Metaspace       used 21242K, committed 21504K, reserved 1114112K
  class space    used 2557K, committed 2688K, reserved 1048576K
}
Event: 3.461 GC heap before
{Heap before GC invocations=4 (full 0):
 garbage-first heap   total 51200K, used 37360K [0x000000008ac00000, 0x0000000100000000)
  region size 1024K, 30 young (30720K), 7 survivors (7168K)
 Metaspace       used 24662K, committed 25088K, reserved 1114112K
  class space    used 3046K, committed 3200K, reserved 1048576K
}
Event: 3.467 GC heap after
{Heap after GC invocations=5 (full 0):
 garbage-first heap   total 51200K, used 15728K [0x000000008ac00000, 0x0000000100000000)
  region size 1024K, 3 young (3072K), 3 survivors (3072K)
 Metaspace       used 24662K, committed 25088K, reserved 1114112K
  class space    used 3046K, committed 3200K, reserved 1048576K
}
Event: 4.051 GC heap before
{Heap before GC invocations=5 (full 0):
 garbage-first heap   total 51200K, used 38256K [0x000000008ac00000, 0x0000000100000000)
  region size 1024K, 25 young (25600K), 3 survivors (3072K)
 Metaspace       used 28884K, committed 29440K, reserved 1114112K
  class space    used 3597K, committed 3840K, reserved 1048576K
}
Event: 4.056 GC heap after
{Heap after GC invocations=6 (full 0):
 garbage-first heap   total 51200K, used 17605K [0x000000008ac00000, 0x0000000100000000)
  region size 1024K, 3 young (3072K), 3 survivors (3072K)
 Metaspace       used 28884K, committed 29440K, reserved 1114112K
  class space    used 3597K, committed 3840K, reserved 1048576K
}
Event: 4.667 GC heap before
{Heap before GC invocations=6 (full 0):
 garbage-first heap   total 51200K, used 41157K [0x000000008ac00000, 0x0000000100000000)
  region size 1024K, 26 young (26624K), 3 survivors (3072K)
 Metaspace       used 33708K, committed 34304K, reserved 1114112K
  class space    used 4300K, committed 4544K, reserved 1048576K
}
Event: 4.671 GC heap after
{Heap after GC invocations=7 (full 0):
 garbage-first heap   total 51200K, used 18868K [0x000000008ac00000, 0x0000000100000000)
  region size 1024K, 4 young (4096K), 4 survivors (4096K)
 Metaspace       used 33708K, committed 34304K, reserved 1114112K
  class space    used 4300K, committed 4544K, reserved 1048576K
}
Event: 4.806 GC heap before
{Heap before GC invocations=7 (full 0):
 garbage-first heap   total 51200K, used 25012K [0x000000008ac00000, 0x0000000100000000)
  region size 1024K, 12 young (12288K), 4 survivors (4096K)
 Metaspace       used 35439K, committed 35968K, reserved 1114112K
  class space    used 4592K, committed 4864K, reserved 1048576K
}
Event: 4.809 GC heap after
{Heap after GC invocations=8 (full 0):
 garbage-first heap   total 51200K, used 19252K [0x000000008ac00000, 0x0000000100000000)
  region size 1024K, 2 young (2048K), 2 survivors (2048K)
 Metaspace       used 35439K, committed 35968K, reserved 1114112K
  class space    used 4592K, committed 4864K, reserved 1048576K
}
Event: 5.583 GC heap before
{Heap before GC invocations=9 (full 0):
 garbage-first heap   total 51200K, used 43828K [0x000000008ac00000, 0x0000000100000000)
  region size 1024K, 26 young (26624K), 2 survivors (2048K)
 Metaspace       used 42165K, committed 42752K, reserved 1114112K
  class space    used 5529K, committed 5760K, reserved 1048576K
}
Event: 5.586 GC heap after
{Heap after GC invocations=10 (full 0):
 garbage-first heap   total 51200K, used 21120K [0x000000008ac00000, 0x0000000100000000)
  region size 1024K, 4 young (4096K), 4 survivors (4096K)
 Metaspace       used 42165K, committed 42752K, reserved 1114112K
  class space    used 5529K, committed 5760K, reserved 1048576K
}
Event: 6.076 GC heap before
{Heap before GC invocations=10 (full 0):
 garbage-first heap   total 51200K, used 42624K [0x000000008ac00000, 0x0000000100000000)
  region size 1024K, 26 young (26624K), 4 survivors (4096K)
 Metaspace       used 47834K, committed 48384K, reserved 1114112K
  class space    used 6331K, committed 6592K, reserved 1048576K
}
Event: 6.079 GC heap after
{Heap after GC invocations=11 (full 0):
 garbage-first heap   total 51200K, used 22028K [0x000000008ac00000, 0x0000000100000000)
  region size 1024K, 4 young (4096K), 4 survivors (4096K)
 Metaspace       used 47834K, committed 48384K, reserved 1114112K
  class space    used 6331K, committed 6592K, reserved 1048576K
}
Event: 6.502 GC heap before
{Heap before GC invocations=11 (full 0):
 garbage-first heap   total 51200K, used 43532K [0x000000008ac00000, 0x0000000100000000)
  region size 1024K, 25 young (25600K), 4 survivors (4096K)
 Metaspace       used 52088K, committed 52736K, reserved 1114112K
  class space    used 6983K, committed 7296K, reserved 1048576K
}
Event: 6.504 GC heap after
{Heap after GC invocations=12 (full 0):
 garbage-first heap   total 51200K, used 22668K [0x000000008ac00000, 0x0000000100000000)
  region size 1024K, 3 young (3072K), 3 survivors (3072K)
 Metaspace       used 52088K, committed 52736K, reserved 1114112K
  class space    used 6983K, committed 7296K, reserved 1048576K
}
Event: 7.144 GC heap before
{Heap before GC invocations=12 (full 0):
 garbage-first heap   total 51200K, used 44172K [0x000000008ac00000, 0x0000000100000000)
  region size 1024K, 24 young (24576K), 3 survivors (3072K)
 Metaspace       used 56746K, committed 57408K, reserved 1114112K
  class space    used 7645K, committed 7936K, reserved 1048576K
}

