# JRE version: OpenJDK Runtime Environment (21.0.2+13) (build 21.0.2+13-58)
# Java VM: OpenJDK 64-Bit Server VM (21.0.2+13-58, mixed mode, sharing, tiered, compressed oops, compressed class ptrs, g1 gc, windows-amd64)
GC Precious Log:
 CardTable entry size: 512
 Card Set container configuration: InlinePtr #cards 5 size 8 Array Of Cards #cards 12 size 40 Howl #buckets 4 coarsen threshold 1843 Howl Bitmap #cards 512 size 80 coarsen threshold 460 Card regions per heap region 1 cards per card region 2048
 CPUs: 8 total, 8 available
 Memory: 7502M
 Large Page Support: Disabled
 NUMA Support: Disabled
 Compressed Oops: Enabled (32-bit)
 Heap Region Size: 1M
 Heap Min Capacity: 8M
 Heap Initial Capacity: 118M
 Heap Max Capacity: 1876M
 Pre-touch: Disabled
 Parallel Workers: 8
 Concurrent Workers: 2
 Concurrent Refinement Workers: 8
 Periodic GC: Disabled
Heap:
 garbage-first heap   total 51200K, used 41281K [0x000000008ac00000, 0x0000000100000000)
  region size 1024K, 15 young (15360K), 2 survivors (2048K)
 Metaspace       used 66387K, committed 67136K, reserved 1114112K
  class space    used 9003K, committed 9344K, reserved 1048576K
GC Heap History (20 events):
Event: 3.851 GC heap before
{Heap before GC invocations=5 (full 0):
 garbage-first heap   total 51200K, used 38602K [0x000000008ac00000, 0x0000000100000000)
  region size 1024K, 25 young (25600K), 3 survivors (3072K)
 Metaspace       used 28992K, committed 29440K, reserved 1114112K
  class space    used 3625K, committed 3840K, reserved 1048576K
}
Event: 3.857 GC heap after
{Heap after GC invocations=6 (full 0):
 garbage-first heap   total 51200K, used 18116K [0x000000008ac00000, 0x0000000100000000)
  region size 1024K, 3 young (3072K), 3 survivors (3072K)
 Metaspace       used 28992K, committed 29440K, reserved 1114112K
  class space    used 3625K, committed 3840K, reserved 1048576K
}
Event: 4.438 GC heap before
{Heap before GC invocations=6 (full 0):
 garbage-first heap   total 51200K, used 40644K [0x000000008ac00000, 0x0000000100000000)
  region size 1024K, 25 young (25600K), 3 survivors (3072K)
 Metaspace       used 33578K, committed 34112K, reserved 1114112K
  class space    used 4283K, committed 4544K, reserved 1048576K
}
Event: 4.441 GC heap after
{Heap after GC invocations=7 (full 0):
 garbage-first heap   total 51200K, used 19315K [0x000000008ac00000, 0x0000000100000000)
  region size 1024K, 4 young (4096K), 4 survivors (4096K)
 Metaspace       used 33578K, committed 34112K, reserved 1114112K
  class space    used 4283K, committed 4544K, reserved 1048576K
}
Event: 4.614 GC heap before
{Heap before GC invocations=7 (full 0):
 garbage-first heap   total 51200K, used 26483K [0x000000008ac00000, 0x0000000100000000)
  region size 1024K, 12 young (12288K), 4 survivors (4096K)
 Metaspace       used 35424K, committed 35968K, reserved 1114112K
  class space    used 4592K, committed 4864K, reserved 1048576K
}
Event: 4.617 GC heap after
{Heap after GC invocations=8 (full 0):
 garbage-first heap   total 51200K, used 19763K [0x000000008ac00000, 0x0000000100000000)
  region size 1024K, 2 young (2048K), 2 survivors (2048K)
 Metaspace       used 35424K, committed 35968K, reserved 1114112K
  class space    used 4592K, committed 4864K, reserved 1048576K
}
Event: 5.515 GC heap before
{Heap before GC invocations=9 (full 0):
 garbage-first heap   total 51200K, used 43315K [0x000000008ac00000, 0x0000000100000000)
  region size 1024K, 25 young (25600K), 2 survivors (2048K)
 Metaspace       used 41922K, committed 42432K, reserved 1114112K
  class space    used 5495K, committed 5696K, reserved 1048576K
}
Event: 5.520 GC heap after
{Heap after GC invocations=10 (full 0):
 garbage-first heap   total 51200K, used 21228K [0x000000008ac00000, 0x0000000100000000)
  region size 1024K, 4 young (4096K), 4 survivors (4096K)
 Metaspace       used 41922K, committed 42432K, reserved 1114112K
  class space    used 5495K, committed 5696K, reserved 1048576K
}
Event: 6.113 GC heap before
{Heap before GC invocations=10 (full 0):
 garbage-first heap   total 51200K, used 41708K [0x000000008ac00000, 0x0000000100000000)
  region size 1024K, 25 young (25600K), 4 survivors (4096K)
 Metaspace       used 47186K, committed 47808K, reserved 1114112K
  class space    used 6259K, committed 6528K, reserved 1048576K
}
Event: 6.117 GC heap after
{Heap after GC invocations=11 (full 0):
 garbage-first heap   total 51200K, used 22220K [0x000000008ac00000, 0x0000000100000000)
  region size 1024K, 4 young (4096K), 4 survivors (4096K)
 Metaspace       used 47186K, committed 47808K, reserved 1114112K
  class space    used 6259K, committed 6528K, reserved 1048576K
}
Event: 6.621 GC heap before
{Heap before GC invocations=11 (full 0):
 garbage-first heap   total 51200K, used 41676K [0x000000008ac00000, 0x0000000100000000)
  region size 1024K, 24 young (24576K), 4 survivors (4096K)
 Metaspace       used 51582K, committed 52224K, reserved 1114112K
  class space    used 6925K, committed 7232K, reserved 1048576K
}
Event: 6.625 GC heap after
{Heap after GC invocations=12 (full 0):
 garbage-first heap   total 51200K, used 23076K [0x000000008ac00000, 0x0000000100000000)
  region size 1024K, 3 young (3072K), 3 survivors (3072K)
 Metaspace       used 51582K, committed 52224K, reserved 1114112K
  class space    used 6925K, committed 7232K, reserved 1048576K
}
Event: 7.309 GC heap before
{Heap before GC invocations=12 (full 0):
 garbage-first heap   total 51200K, used 42532K [0x000000008ac00000, 0x0000000100000000)
  region size 1024K, 23 young (23552K), 3 survivors (3072K)
 Metaspace       used 56173K, committed 56896K, reserved 1114112K
  class space    used 7569K, committed 7872K, reserved 1048576K
}
Event: 7.312 GC heap after
{Heap after GC invocations=13 (full 0):
 garbage-first heap   total 51200K, used 24865K [0x000000008ac00000, 0x0000000100000000)
  region size 1024K, 3 young (3072K), 3 survivors (3072K)
 Metaspace       used 56173K, committed 56896K, reserved 1114112K
  class space    used 7569K, committed 7872K, reserved 1048576K
}
Event: 7.685 GC heap before
{Heap before GC invocations=13 (full 0):
 garbage-first heap   total 51200K, used 40225K [0x000000008ac00000, 0x0000000100000000)
  region size 1024K, 19 young (19456K), 3 survivors (3072K)
 Metaspace       used 59521K, committed 60160K, reserved 1114112K
  class space    used 8020K, committed 8320K, reserved 1048576K
}
Event: 7.689 GC heap after
{Heap after GC invocations=14 (full 0):
 garbage-first heap   total 51200K, used 26418K [0x000000008ac00000, 0x0000000100000000)
  region size 1024K, 2 young (2048K), 2 survivors (2048K)
 Metaspace       used 59521K, committed 60160K, reserved 1114112K
  class space    used 8020K, committed 8320K, reserved 1048576K
}
Event: 8.211 GC heap before
{Heap before GC invocations=15 (full 0):
 garbage-first heap   total 51200K, used 45874K [0x000000008ac00000, 0x0000000100000000)
  region size 1024K, 21 young (21504K), 2 survivors (2048K)
 Metaspace       used 61111K, committed 61824K, reserved 1114112K
  class space    used 8273K, committed 8576K, reserved 1048576K
}
Event: 8.214 GC heap after
{Heap after GC invocations=16 (full 0):
 garbage-first heap   total 51200K, used 28690K [0x000000008ac00000, 0x0000000100000000)
  region size 1024K, 3 young (3072K), 3 survivors (3072K)
 Metaspace       used 61111K, committed 61824K, reserved 1114112K
  class space    used 8273K, committed 8576K, reserved 1048576K
}
Event: 8.577 GC heap before
{Heap before GC invocations=16 (full 0):
 garbage-first heap   total 51200K, used 44050K [0x000000008ac00000, 0x0000000100000000)
  region size 1024K, 18 young (18432K), 3 survivors (3072K)
 Metaspace       used 63078K, committed 63808K, reserved 1114112K
  class space    used 8539K, committed 8896K, reserved 1048576K
}
Event: 8.581 GC heap after
{Heap after GC invocations=17 (full 0):
 garbage-first heap   total 51200K, used 30017K [0x000000008ac00000, 0x0000000100000000)
  region size 1024K, 2 young (2048K), 2 survivors (2048K)
 Metaspace       used 63078K, committed 63808K, reserved 1114112K
  class space    used 8539K, committed 8896K, reserved 1048576K
}

