# JRE version: OpenJDK Runtime Environment (21.0.2+13) (build 21.0.2+13-58)
# Java VM: OpenJDK 64-Bit Server VM (21.0.2+13-58, mixed mode, sharing, tiered, compressed oops, compressed class ptrs, g1 gc, windows-amd64)
GC Precious Log:
 CardTable entry size: 512
 Card Set container configuration: InlinePtr #cards 5 size 8 Array Of Cards #cards 12 size 40 Howl #buckets 4 coarsen threshold 1843 Howl Bitmap #cards 512 size 80 coarsen threshold 460 Card regions per heap region 1 cards per card region 2048
 CPUs: 8 total, 8 available
 Memory: 7502M
 Large Page Support: Disabled
 NUMA Support: Disabled
 Compressed Oops: Enabled (32-bit)
 Heap Region Size: 1M
 Heap Min Capacity: 8M
 Heap Initial Capacity: 118M
 Heap Max Capacity: 1876M
 Pre-touch: Disabled
 Parallel Workers: 8
 Concurrent Workers: 2
 Concurrent Refinement Workers: 8
 Periodic GC: Disabled
Heap:
 garbage-first heap   total 51200K, used 29778K [0x000000008ac00000, 0x0000000100000000)
  region size 1024K, 9 young (9216K), 3 survivors (3072K)
 Metaspace       used 57428K, committed 58048K, reserved 1114112K
  class space    used 7694K, committed 8000K, reserved 1048576K
GC Heap History (20 events):
Event: 1.698 GC heap before
{Heap before GC invocations=1 (full 0):
 garbage-first heap   total 120832K, used 36650K [0x000000008ac00000, 0x0000000100000000)
  region size 1024K, 33 young (33792K), 3 survivors (3072K)
 Metaspace       used 14123K, committed 14400K, reserved 1114112K
  class space    used 1663K, committed 1792K, reserved 1048576K
}
Event: 1.703 GC heap after
{Heap after GC invocations=2 (full 0):
 garbage-first heap   total 120832K, used 9897K [0x000000008ac00000, 0x0000000100000000)
  region size 1024K, 4 young (4096K), 4 survivors (4096K)
 Metaspace       used 14123K, committed 14400K, reserved 1114112K
  class space    used 1663K, committed 1792K, reserved 1048576K
}
Event: 2.773 GC heap before
{Heap before GC invocations=2 (full 0):
 garbage-first heap   total 120832K, used 53929K [0x000000008ac00000, 0x0000000100000000)
  region size 1024K, 49 young (50176K), 4 survivors (4096K)
 Metaspace       used 21249K, committed 21504K, reserved 1114112K
  class space    used 2553K, committed 2688K, reserved 1048576K
}
Event: 2.778 GC heap after
{Heap after GC invocations=3 (full 0):
 garbage-first heap   total 120832K, used 13768K [0x000000008ac00000, 0x0000000100000000)
  region size 1024K, 7 young (7168K), 7 survivors (7168K)
 Metaspace       used 21249K, committed 21504K, reserved 1114112K
  class space    used 2553K, committed 2688K, reserved 1048576K
}
Event: 3.523 GC heap before
{Heap before GC invocations=4 (full 0):
 garbage-first heap   total 51200K, used 37320K [0x000000008ac00000, 0x0000000100000000)
  region size 1024K, 30 young (30720K), 7 survivors (7168K)
 Metaspace       used 24882K, committed 25344K, reserved 1114112K
  class space    used 3086K, committed 3264K, reserved 1048576K
}
Event: 3.529 GC heap after
{Heap after GC invocations=5 (full 0):
 garbage-first heap   total 51200K, used 15865K [0x000000008ac00000, 0x0000000100000000)
  region size 1024K, 3 young (3072K), 3 survivors (3072K)
 Metaspace       used 24882K, committed 25344K, reserved 1114112K
  class space    used 3086K, committed 3264K, reserved 1048576K
}
Event: 4.056 GC heap before
{Heap before GC invocations=5 (full 0):
 garbage-first heap   total 51200K, used 37369K [0x000000008ac00000, 0x0000000100000000)
  region size 1024K, 25 young (25600K), 3 survivors (3072K)
 Metaspace       used 28866K, committed 29440K, reserved 1114112K
  class space    used 3601K, committed 3840K, reserved 1048576K
}
Event: 4.061 GC heap after
{Heap after GC invocations=6 (full 0):
 garbage-first heap   total 51200K, used 17592K [0x000000008ac00000, 0x0000000100000000)
  region size 1024K, 2 young (2048K), 2 survivors (2048K)
 Metaspace       used 28866K, committed 29440K, reserved 1114112K
  class space    used 3601K, committed 3840K, reserved 1048576K
}
Event: 4.679 GC heap before
{Heap before GC invocations=6 (full 0):
 garbage-first heap   total 51200K, used 39096K [0x000000008ac00000, 0x0000000100000000)
  region size 1024K, 24 young (24576K), 2 survivors (2048K)
 Metaspace       used 33391K, committed 33920K, reserved 1114112K
  class space    used 4252K, committed 4480K, reserved 1048576K
}
Event: 4.682 GC heap after
{Heap after GC invocations=7 (full 0):
 garbage-first heap   total 51200K, used 18903K [0x000000008ac00000, 0x0000000100000000)
  region size 1024K, 2 young (2048K), 2 survivors (2048K)
 Metaspace       used 33391K, committed 33920K, reserved 1114112K
  class space    used 4252K, committed 4480K, reserved 1048576K
}
Event: 4.856 GC heap before
{Heap before GC invocations=7 (full 0):
 garbage-first heap   total 51200K, used 27095K [0x000000008ac00000, 0x0000000100000000)
  region size 1024K, 11 young (11264K), 2 survivors (2048K)
 Metaspace       used 35430K, committed 35968K, reserved 1114112K
  class space    used 4595K, committed 4864K, reserved 1048576K
}
Event: 4.858 GC heap after
{Heap after GC invocations=8 (full 0):
 garbage-first heap   total 51200K, used 19370K [0x000000008ac00000, 0x0000000100000000)
  region size 1024K, 2 young (2048K), 2 survivors (2048K)
 Metaspace       used 35430K, committed 35968K, reserved 1114112K
  class space    used 4595K, committed 4864K, reserved 1048576K
}
Event: 5.682 GC heap before
{Heap before GC invocations=9 (full 0):
 garbage-first heap   total 51200K, used 42922K [0x000000008ac00000, 0x0000000100000000)
  region size 1024K, 25 young (25600K), 2 survivors (2048K)
 Metaspace       used 42009K, committed 42624K, reserved 1114112K
  class space    used 5503K, committed 5760K, reserved 1048576K
}
Event: 5.685 GC heap after
{Heap after GC invocations=10 (full 0):
 garbage-first heap   total 51200K, used 20771K [0x000000008ac00000, 0x0000000100000000)
  region size 1024K, 4 young (4096K), 4 survivors (4096K)
 Metaspace       used 42009K, committed 42624K, reserved 1114112K
  class space    used 5503K, committed 5760K, reserved 1048576K
}
Event: 6.152 GC heap before
{Heap before GC invocations=10 (full 0):
 garbage-first heap   total 51200K, used 42275K [0x000000008ac00000, 0x0000000100000000)
  region size 1024K, 25 young (25600K), 4 survivors (4096K)
 Metaspace       used 47382K, committed 48000K, reserved 1114112K
  class space    used 6296K, committed 6592K, reserved 1048576K
}
Event: 6.156 GC heap after
{Heap after GC invocations=11 (full 0):
 garbage-first heap   total 51200K, used 22224K [0x000000008ac00000, 0x0000000100000000)
  region size 1024K, 4 young (4096K), 4 survivors (4096K)
 Metaspace       used 47382K, committed 48000K, reserved 1114112K
  class space    used 6296K, committed 6592K, reserved 1048576K
}
Event: 6.544 GC heap before
{Heap before GC invocations=11 (full 0):
 garbage-first heap   total 51200K, used 41680K [0x000000008ac00000, 0x0000000100000000)
  region size 1024K, 24 young (24576K), 4 survivors (4096K)
 Metaspace       used 51575K, committed 52224K, reserved 1114112K
  class space    used 6928K, committed 7232K, reserved 1048576K
}
Event: 6.547 GC heap after
{Heap after GC invocations=12 (full 0):
 garbage-first heap   total 51200K, used 22987K [0x000000008ac00000, 0x0000000100000000)
  region size 1024K, 3 young (3072K), 3 survivors (3072K)
 Metaspace       used 51575K, committed 52224K, reserved 1114112K
  class space    used 6928K, committed 7232K, reserved 1048576K
}
Event: 7.065 GC heap before
{Heap before GC invocations=12 (full 0):
 garbage-first heap   total 51200K, used 43467K [0x000000008ac00000, 0x0000000100000000)
  region size 1024K, 23 young (23552K), 3 survivors (3072K)
 Metaspace       used 56185K, committed 56832K, reserved 1114112K
  class space    used 7577K, committed 7872K, reserved 1048576K
}
Event: 7.068 GC heap after
{Heap after GC invocations=13 (full 0):
 garbage-first heap   total 51200K, used 24658K [0x000000008ac00000, 0x0000000100000000)
  region size 1024K, 3 young (3072K), 3 survivors (3072K)
 Metaspace       used 56185K, committed 56832K, reserved 1114112K
  class space    used 7577K, committed 7872K, reserved 1048576K
}

