# JRE version: OpenJDK Runtime Environment (21.0.2+13) (build 21.0.2+13-58)
# Java VM: OpenJDK 64-Bit Server VM (21.0.2+13-58, mixed mode, sharing, tiered, compressed oops, compressed class ptrs, g1 gc, windows-amd64)
GC Precious Log:
 CardTable entry size: 512
 Card Set container configuration: InlinePtr #cards 5 size 8 Array Of Cards #cards 12 size 40 Howl #buckets 4 coarsen threshold 1843 Howl Bitmap #cards 512 size 80 coarsen threshold 460 Card regions per heap region 1 cards per card region 2048
 CPUs: 8 total, 8 available
 Memory: 7502M
 Large Page Support: Disabled
 NUMA Support: Disabled
 Compressed Oops: Enabled (32-bit)
 Heap Region Size: 1M
 Heap Min Capacity: 8M
 Heap Initial Capacity: 118M
 Heap Max Capacity: 1876M
 Pre-touch: Disabled
 Parallel Workers: 8
 Concurrent Workers: 2
 Concurrent Refinement Workers: 8
 Periodic GC: Disabled
Heap:
 garbage-first heap   total 55296K, used 32982K [0x000000008ac00000, 0x0000000100000000)
  region size 1024K, 7 young (7168K), 2 survivors (2048K)
 Metaspace       used 64357K, committed 65024K, reserved 1114112K
  class space    used 8684K, committed 9024K, reserved 1048576K
GC Heap History (20 events):
Event: 4.723 GC heap before
{Heap before GC invocations=4 (full 0):
 garbage-first heap   total 55296K, used 39432K [0x000000008ac00000, 0x0000000100000000)
  region size 1024K, 32 young (32768K), 7 survivors (7168K)
 Metaspace       used 25403K, committed 25792K, reserved 1114112K
  class space    used 3151K, committed 3328K, reserved 1048576K
}
Event: 4.729 GC heap after
{Heap after GC invocations=5 (full 0):
 garbage-first heap   total 55296K, used 16495K [0x000000008ac00000, 0x0000000100000000)
  region size 1024K, 3 young (3072K), 3 survivors (3072K)
 Metaspace       used 25403K, committed 25792K, reserved 1114112K
  class space    used 3151K, committed 3328K, reserved 1048576K
}
Event: 5.439 GC heap before
{Heap before GC invocations=5 (full 0):
 garbage-first heap   total 55296K, used 42095K [0x000000008ac00000, 0x0000000100000000)
  region size 1024K, 28 young (28672K), 3 survivors (3072K)
 Metaspace       used 29593K, committed 30144K, reserved 1114112K
  class space    used 3703K, committed 3968K, reserved 1048576K
}
Event: 5.445 GC heap after
{Heap after GC invocations=6 (full 0):
 garbage-first heap   total 55296K, used 18344K [0x000000008ac00000, 0x0000000100000000)
  region size 1024K, 3 young (3072K), 3 survivors (3072K)
 Metaspace       used 29593K, committed 30144K, reserved 1114112K
  class space    used 3703K, committed 3968K, reserved 1048576K
}
Event: 6.173 GC heap before
{Heap before GC invocations=6 (full 0):
 garbage-first heap   total 55296K, used 41896K [0x000000008ac00000, 0x0000000100000000)
  region size 1024K, 28 young (28672K), 3 survivors (3072K)
 Metaspace       used 35431K, committed 35968K, reserved 1114112K
  class space    used 4591K, committed 4864K, reserved 1048576K
}
Event: 6.176 GC heap after
{Heap after GC invocations=7 (full 0):
 garbage-first heap   total 55296K, used 19455K [0x000000008ac00000, 0x0000000100000000)
  region size 1024K, 4 young (4096K), 4 survivors (4096K)
 Metaspace       used 35431K, committed 35968K, reserved 1114112K
  class space    used 4591K, committed 4864K, reserved 1048576K
}
Event: 7.108 GC heap before
{Heap before GC invocations=8 (full 0):
 garbage-first heap   total 55296K, used 44031K [0x000000008ac00000, 0x0000000100000000)
  region size 1024K, 29 young (29696K), 4 survivors (4096K)
 Metaspace       used 42404K, committed 42944K, reserved 1114112K
  class space    used 5560K, committed 5760K, reserved 1048576K
}
Event: 7.112 GC heap after
{Heap after GC invocations=9 (full 0):
 garbage-first heap   total 55296K, used 21017K [0x000000008ac00000, 0x0000000100000000)
  region size 1024K, 4 young (4096K), 4 survivors (4096K)
 Metaspace       used 42404K, committed 42944K, reserved 1114112K
  class space    used 5560K, committed 5760K, reserved 1048576K
}
Event: 7.794 GC heap before
{Heap before GC invocations=9 (full 0):
 garbage-first heap   total 55296K, used 44569K [0x000000008ac00000, 0x0000000100000000)
  region size 1024K, 28 young (28672K), 4 survivors (4096K)
 Metaspace       used 49093K, committed 49664K, reserved 1114112K
  class space    used 6486K, committed 6784K, reserved 1048576K
}
Event: 7.798 GC heap after
{Heap after GC invocations=10 (full 0):
 garbage-first heap   total 55296K, used 22397K [0x000000008ac00000, 0x0000000100000000)
  region size 1024K, 4 young (4096K), 4 survivors (4096K)
 Metaspace       used 49093K, committed 49664K, reserved 1114112K
  class space    used 6486K, committed 6784K, reserved 1048576K
}
Event: 8.306 GC heap before
{Heap before GC invocations=10 (full 0):
 garbage-first heap   total 55296K, used 45949K [0x000000008ac00000, 0x0000000100000000)
  region size 1024K, 27 young (27648K), 4 survivors (4096K)
 Metaspace       used 53502K, committed 54144K, reserved 1114112K
  class space    used 7194K, committed 7488K, reserved 1048576K
}
Event: 8.309 GC heap after
{Heap after GC invocations=11 (full 0):
 garbage-first heap   total 55296K, used 23432K [0x000000008ac00000, 0x0000000100000000)
  region size 1024K, 3 young (3072K), 3 survivors (3072K)
 Metaspace       used 53502K, committed 54144K, reserved 1114112K
  class space    used 7194K, committed 7488K, reserved 1048576K
}
Event: 9.077 GC heap before
{Heap before GC invocations=11 (full 0):
 garbage-first heap   total 55296K, used 46984K [0x000000008ac00000, 0x0000000100000000)
  region size 1024K, 26 young (26624K), 3 survivors (3072K)
 Metaspace       used 58172K, committed 58880K, reserved 1114112K
  class space    used 7815K, committed 8128K, reserved 1048576K
}
Event: 9.082 GC heap after
{Heap after GC invocations=12 (full 0):
 garbage-first heap   total 55296K, used 25854K [0x000000008ac00000, 0x0000000100000000)
  region size 1024K, 4 young (4096K), 4 survivors (4096K)
 Metaspace       used 58172K, committed 58880K, reserved 1114112K
  class space    used 7815K, committed 8128K, reserved 1048576K
}
Event: 9.240 GC heap before
{Heap before GC invocations=12 (full 0):
 garbage-first heap   total 55296K, used 29950K [0x000000008ac00000, 0x0000000100000000)
  region size 1024K, 9 young (9216K), 4 survivors (4096K)
 Metaspace       used 59483K, committed 60096K, reserved 1114112K
  class space    used 8007K, committed 8320K, reserved 1048576K
}
Event: 9.244 GC heap after
{Heap after GC invocations=13 (full 0):
 garbage-first heap   total 55296K, used 26729K [0x000000008ac00000, 0x0000000100000000)
  region size 1024K, 1 young (1024K), 1 survivors (1024K)
 Metaspace       used 59483K, committed 60096K, reserved 1114112K
  class space    used 8007K, committed 8320K, reserved 1048576K
}
Event: 9.845 GC heap before
{Heap before GC invocations=14 (full 0):
 garbage-first heap   total 55296K, used 48233K [0x000000008ac00000, 0x0000000100000000)
  region size 1024K, 22 young (22528K), 1 survivors (1024K)
 Metaspace       used 61383K, committed 62016K, reserved 1114112K
  class space    used 8294K, committed 8576K, reserved 1048576K
}
Event: 9.848 GC heap after
{Heap after GC invocations=15 (full 0):
 garbage-first heap   total 55296K, used 28747K [0x000000008ac00000, 0x0000000100000000)
  region size 1024K, 3 young (3072K), 3 survivors (3072K)
 Metaspace       used 61383K, committed 62016K, reserved 1114112K
  class space    used 8294K, committed 8576K, reserved 1048576K
}
Event: 46.428 GC heap before
{Heap before GC invocations=15 (full 0):
 garbage-first heap   total 55296K, used 47179K [0x000000008ac00000, 0x0000000100000000)
  region size 1024K, 21 young (21504K), 3 survivors (3072K)
 Metaspace       used 63174K, committed 63872K, reserved 1114112K
  class space    used 8542K, committed 8896K, reserved 1048576K
}
Event: 46.432 GC heap after
{Heap after GC invocations=16 (full 0):
 garbage-first heap   total 55296K, used 29910K [0x000000008ac00000, 0x0000000100000000)
  region size 1024K, 2 young (2048K), 2 survivors (2048K)
 Metaspace       used 63174K, committed 63872K, reserved 1114112K
  class space    used 8542K, committed 8896K, reserved 1048576K
}

