# JRE version: OpenJDK Runtime Environment (21.0.2+13) (build 21.0.2+13-58)
# Java VM: OpenJDK 64-Bit Server VM (21.0.2+13-58, mixed mode, sharing, tiered, compressed oops, compressed class ptrs, g1 gc, windows-amd64)
GC Precious Log:
 CardTable entry size: 512
 Card Set container configuration: InlinePtr #cards 5 size 8 Array Of Cards #cards 12 size 40 Howl #buckets 4 coarsen threshold 1843 Howl Bitmap #cards 512 size 80 coarsen threshold 460 Card regions per heap region 1 cards per card region 2048
 CPUs: 8 total, 8 available
 Memory: 7502M
 Large Page Support: Disabled
 NUMA Support: Disabled
 Compressed Oops: Enabled (32-bit)
 Heap Region Size: 1M
 Heap Min Capacity: 8M
 Heap Initial Capacity: 118M
 Heap Max Capacity: 1876M
 Pre-touch: Disabled
 Parallel Workers: 8
 Concurrent Workers: 2
 Concurrent Refinement Workers: 8
 Periodic GC: Disabled
Heap:
 garbage-first heap   total 51200K, used 34855K [0x000000008ac00000, 0x0000000100000000)
  region size 1024K, 9 young (9216K), 2 survivors (2048K)
 Metaspace       used 64639K, committed 65408K, reserved 1114112K
  class space    used 8748K, committed 9088K, reserved 1048576K
GC Heap History (20 events):
Event: 8.242 GC heap before
{Heap before GC invocations=6 (full 0):
 garbage-first heap   total 51200K, used 39425K [0x000000008ac00000, 0x0000000100000000)
  region size 1024K, 25 young (25600K), 3 survivors (3072K)
 Metaspace       used 33691K, committed 34240K, reserved 1114112K
  class space    used 4295K, committed 4544K, reserved 1048576K
}
Event: 8.246 GC heap after
{Heap after GC invocations=7 (full 0):
 garbage-first heap   total 51200K, used 19168K [0x000000008ac00000, 0x0000000100000000)
  region size 1024K, 4 young (4096K), 4 survivors (4096K)
 Metaspace       used 33691K, committed 34240K, reserved 1114112K
  class space    used 4295K, committed 4544K, reserved 1048576K
}
Event: 8.476 GC heap before
{Heap before GC invocations=7 (full 0):
 garbage-first heap   total 51200K, used 26336K [0x000000008ac00000, 0x0000000100000000)
  region size 1024K, 12 young (12288K), 4 survivors (4096K)
 Metaspace       used 35626K, committed 36096K, reserved 1114112K
  class space    used 4632K, committed 4864K, reserved 1048576K
}
Event: 8.479 GC heap after
{Heap after GC invocations=8 (full 0):
 garbage-first heap   total 51200K, used 19719K [0x000000008ac00000, 0x0000000100000000)
  region size 1024K, 2 young (2048K), 2 survivors (2048K)
 Metaspace       used 35626K, committed 36096K, reserved 1114112K
  class space    used 4632K, committed 4864K, reserved 1048576K
}
Event: 9.361 GC heap before
{Heap before GC invocations=9 (full 0):
 garbage-first heap   total 51200K, used 42247K [0x000000008ac00000, 0x0000000100000000)
  region size 1024K, 25 young (25600K), 2 survivors (2048K)
 Metaspace       used 42102K, committed 42688K, reserved 1114112K
  class space    used 5518K, committed 5760K, reserved 1048576K
}
Event: 9.365 GC heap after
{Heap after GC invocations=10 (full 0):
 garbage-first heap   total 51200K, used 21146K [0x000000008ac00000, 0x0000000100000000)
  region size 1024K, 4 young (4096K), 4 survivors (4096K)
 Metaspace       used 42102K, committed 42688K, reserved 1114112K
  class space    used 5518K, committed 5760K, reserved 1048576K
}
Event: 9.857 GC heap before
{Heap before GC invocations=10 (full 0):
 garbage-first heap   total 51200K, used 41626K [0x000000008ac00000, 0x0000000100000000)
  region size 1024K, 25 young (25600K), 4 survivors (4096K)
 Metaspace       used 47643K, committed 48256K, reserved 1114112K
  class space    used 6305K, committed 6592K, reserved 1048576K
}
Event: 9.861 GC heap after
{Heap after GC invocations=11 (full 0):
 garbage-first heap   total 51200K, used 22122K [0x000000008ac00000, 0x0000000100000000)
  region size 1024K, 4 young (4096K), 4 survivors (4096K)
 Metaspace       used 47643K, committed 48256K, reserved 1114112K
  class space    used 6305K, committed 6592K, reserved 1048576K
}
Event: 10.280 GC heap before
{Heap before GC invocations=11 (full 0):
 garbage-first heap   total 51200K, used 42602K [0x000000008ac00000, 0x0000000100000000)
  region size 1024K, 24 young (24576K), 4 survivors (4096K)
 Metaspace       used 51576K, committed 52224K, reserved 1114112K
  class space    used 6922K, committed 7232K, reserved 1048576K
}
Event: 10.284 GC heap after
{Heap after GC invocations=12 (full 0):
 garbage-first heap   total 51200K, used 23184K [0x000000008ac00000, 0x0000000100000000)
  region size 1024K, 3 young (3072K), 3 survivors (3072K)
 Metaspace       used 51576K, committed 52224K, reserved 1114112K
  class space    used 6922K, committed 7232K, reserved 1048576K
}
Event: 10.831 GC heap before
{Heap before GC invocations=12 (full 0):
 garbage-first heap   total 51200K, used 43664K [0x000000008ac00000, 0x0000000100000000)
  region size 1024K, 23 young (23552K), 3 survivors (3072K)
 Metaspace       used 56208K, committed 56896K, reserved 1114112K
  class space    used 7567K, committed 7872K, reserved 1048576K
}
Event: 10.834 GC heap after
{Heap after GC invocations=13 (full 0):
 garbage-first heap   total 51200K, used 24764K [0x000000008ac00000, 0x0000000100000000)
  region size 1024K, 3 young (3072K), 3 survivors (3072K)
 Metaspace       used 56208K, committed 56896K, reserved 1114112K
  class space    used 7567K, committed 7872K, reserved 1048576K
}
Event: 11.389 GC heap before
{Heap before GC invocations=13 (full 0):
 garbage-first heap   total 51200K, used 43196K [0x000000008ac00000, 0x0000000100000000)
  region size 1024K, 22 young (22528K), 3 survivors (3072K)
 Metaspace       used 59766K, committed 60416K, reserved 1114112K
  class space    used 8041K, committed 8320K, reserved 1048576K
}
Event: 11.392 GC heap after
{Heap after GC invocations=14 (full 0):
 garbage-first heap   total 51200K, used 26743K [0x000000008ac00000, 0x0000000100000000)
  region size 1024K, 3 young (3072K), 3 survivors (3072K)
 Metaspace       used 59766K, committed 60416K, reserved 1114112K
  class space    used 8041K, committed 8320K, reserved 1048576K
}
Event: 11.395 GC heap before
{Heap before GC invocations=14 (full 0):
 garbage-first heap   total 51200K, used 26743K [0x000000008ac00000, 0x0000000100000000)
  region size 1024K, 4 young (4096K), 3 survivors (3072K)
 Metaspace       used 59774K, committed 60416K, reserved 1114112K
  class space    used 8041K, committed 8320K, reserved 1048576K
}
Event: 11.397 GC heap after
{Heap after GC invocations=15 (full 0):
 garbage-first heap   total 51200K, used 27074K [0x000000008ac00000, 0x0000000100000000)
  region size 1024K, 1 young (1024K), 1 survivors (1024K)
 Metaspace       used 59774K, committed 60416K, reserved 1114112K
  class space    used 8041K, committed 8320K, reserved 1048576K
}
Event: 11.932 GC heap before
{Heap before GC invocations=16 (full 0):
 garbage-first heap   total 51200K, used 45506K [0x000000008ac00000, 0x0000000100000000)
  region size 1024K, 19 young (19456K), 1 survivors (1024K)
 Metaspace       used 61511K, committed 62208K, reserved 1114112K
  class space    used 8338K, committed 8640K, reserved 1048576K
}
Event: 11.935 GC heap after
{Heap after GC invocations=17 (full 0):
 garbage-first heap   total 51200K, used 29146K [0x000000008ac00000, 0x0000000100000000)
  region size 1024K, 3 young (3072K), 3 survivors (3072K)
 Metaspace       used 61511K, committed 62208K, reserved 1114112K
  class space    used 8338K, committed 8640K, reserved 1048576K
}
Event: 63.312 GC heap before
{Heap before GC invocations=17 (full 0):
 garbage-first heap   total 51200K, used 43482K [0x000000008ac00000, 0x0000000100000000)
  region size 1024K, 17 young (17408K), 3 survivors (3072K)
 Metaspace       used 62829K, committed 63552K, reserved 1114112K
  class space    used 8517K, committed 8832K, reserved 1048576K
}
Event: 63.316 GC heap after
{Heap after GC invocations=18 (full 0):
 garbage-first heap   total 51200K, used 29735K [0x000000008ac00000, 0x0000000100000000)
  region size 1024K, 2 young (2048K), 2 survivors (2048K)
 Metaspace       used 62829K, committed 63552K, reserved 1114112K
  class space    used 8517K, committed 8832K, reserved 1048576K
}

