# JRE version: OpenJDK Runtime Environment (21.0.2+13) (build 21.0.2+13-58)
# Java VM: OpenJDK 64-Bit Server VM (21.0.2+13-58, mixed mode, sharing, tiered, compressed oops, compressed class ptrs, g1 gc, windows-amd64)
GC Precious Log:
 CardTable entry size: 512
 Card Set container configuration: InlinePtr #cards 5 size 8 Array Of Cards #cards 12 size 40 Howl #buckets 4 coarsen threshold 1843 Howl Bitmap #cards 512 size 80 coarsen threshold 460 Card regions per heap region 1 cards per card region 2048
 CPUs: 8 total, 8 available
 Memory: 7502M
 Large Page Support: Disabled
 NUMA Support: Disabled
 Compressed Oops: Enabled (32-bit)
 Heap Region Size: 1M
 Heap Min Capacity: 8M
 Heap Initial Capacity: 118M
 Heap Max Capacity: 1876M
 Pre-touch: Disabled
 Parallel Workers: 8
 Concurrent Workers: 2
 Concurrent Refinement Workers: 8
 Periodic GC: Disabled
Heap:
 garbage-first heap   total 51200K, used 41401K [0x000000008ac00000, 0x0000000100000000)
  region size 1024K, 15 young (15360K), 2 survivors (2048K)
 Metaspace       used 66097K, committed 66752K, reserved 1114112K
  class space    used 8907K, committed 9216K, reserved 1048576K
GC Heap History (20 events):
Event: 4.554 GC heap before
{Heap before GC invocations=5 (full 0):
 garbage-first heap   total 51200K, used 37461K [0x000000008ac00000, 0x0000000100000000)
  region size 1024K, 25 young (25600K), 3 survivors (3072K)
 Metaspace       used 28925K, committed 29440K, reserved 1114112K
  class space    used 3605K, committed 3840K, reserved 1048576K
}
Event: 4.558 GC heap after
{Heap after GC invocations=6 (full 0):
 garbage-first heap   total 51200K, used 18123K [0x000000008ac00000, 0x0000000100000000)
  region size 1024K, 3 young (3072K), 3 survivors (3072K)
 Metaspace       used 28925K, committed 29440K, reserved 1114112K
  class space    used 3605K, committed 3840K, reserved 1048576K
}
Event: 5.190 GC heap before
{Heap before GC invocations=6 (full 0):
 garbage-first heap   total 51200K, used 40651K [0x000000008ac00000, 0x0000000100000000)
  region size 1024K, 25 young (25600K), 3 survivors (3072K)
 Metaspace       used 33402K, committed 33920K, reserved 1114112K
  class space    used 4248K, committed 4480K, reserved 1048576K
}
Event: 5.193 GC heap after
{Heap after GC invocations=7 (full 0):
 garbage-first heap   total 51200K, used 19432K [0x000000008ac00000, 0x0000000100000000)
  region size 1024K, 4 young (4096K), 4 survivors (4096K)
 Metaspace       used 33402K, committed 33920K, reserved 1114112K
  class space    used 4248K, committed 4480K, reserved 1048576K
}
Event: 5.388 GC heap before
{Heap before GC invocations=7 (full 0):
 garbage-first heap   total 51200K, used 27624K [0x000000008ac00000, 0x0000000100000000)
  region size 1024K, 13 young (13312K), 4 survivors (4096K)
 Metaspace       used 35453K, committed 35968K, reserved 1114112K
  class space    used 4591K, committed 4864K, reserved 1048576K
}
Event: 5.390 GC heap after
{Heap after GC invocations=8 (full 0):
 garbage-first heap   total 51200K, used 19910K [0x000000008ac00000, 0x0000000100000000)
  region size 1024K, 2 young (2048K), 2 survivors (2048K)
 Metaspace       used 35453K, committed 35968K, reserved 1114112K
  class space    used 4591K, committed 4864K, reserved 1048576K
}
Event: 6.262 GC heap before
{Heap before GC invocations=9 (full 0):
 garbage-first heap   total 51200K, used 42438K [0x000000008ac00000, 0x0000000100000000)
  region size 1024K, 25 young (25600K), 2 survivors (2048K)
 Metaspace       used 41967K, committed 42496K, reserved 1114112K
  class space    used 5499K, committed 5696K, reserved 1048576K
}
Event: 6.265 GC heap after
{Heap after GC invocations=10 (full 0):
 garbage-first heap   total 51200K, used 21345K [0x000000008ac00000, 0x0000000100000000)
  region size 1024K, 4 young (4096K), 4 survivors (4096K)
 Metaspace       used 41967K, committed 42496K, reserved 1114112K
  class space    used 5499K, committed 5696K, reserved 1048576K
}
Event: 6.726 GC heap before
{Heap before GC invocations=10 (full 0):
 garbage-first heap   total 51200K, used 41825K [0x000000008ac00000, 0x0000000100000000)
  region size 1024K, 25 young (25600K), 4 survivors (4096K)
 Metaspace       used 47290K, committed 47872K, reserved 1114112K
  class space    used 6293K, committed 6592K, reserved 1048576K
}
Event: 6.730 GC heap after
{Heap after GC invocations=11 (full 0):
 garbage-first heap   total 51200K, used 22499K [0x000000008ac00000, 0x0000000100000000)
  region size 1024K, 4 young (4096K), 4 survivors (4096K)
 Metaspace       used 47290K, committed 47872K, reserved 1114112K
  class space    used 6293K, committed 6592K, reserved 1048576K
}
Event: 7.184 GC heap before
{Heap before GC invocations=11 (full 0):
 garbage-first heap   total 51200K, used 42979K [0x000000008ac00000, 0x0000000100000000)
  region size 1024K, 24 young (24576K), 4 survivors (4096K)
 Metaspace       used 51614K, committed 52224K, reserved 1114112K
  class space    used 6928K, committed 7232K, reserved 1048576K
}
Event: 7.187 GC heap after
{Heap after GC invocations=12 (full 0):
 garbage-first heap   total 51200K, used 23266K [0x000000008ac00000, 0x0000000100000000)
  region size 1024K, 3 young (3072K), 3 survivors (3072K)
 Metaspace       used 51614K, committed 52224K, reserved 1114112K
  class space    used 6928K, committed 7232K, reserved 1048576K
}
Event: 7.769 GC heap before
{Heap before GC invocations=12 (full 0):
 garbage-first heap   total 51200K, used 43746K [0x000000008ac00000, 0x0000000100000000)
  region size 1024K, 23 young (23552K), 3 survivors (3072K)
 Metaspace       used 56261K, committed 56960K, reserved 1114112K
  class space    used 7578K, committed 7936K, reserved 1048576K
}
Event: 7.772 GC heap after
{Heap after GC invocations=13 (full 0):
 garbage-first heap   total 51200K, used 24847K [0x000000008ac00000, 0x0000000100000000)
  region size 1024K, 3 young (3072K), 3 survivors (3072K)
 Metaspace       used 56261K, committed 56960K, reserved 1114112K
  class space    used 7578K, committed 7936K, reserved 1048576K
}
Event: 8.236 GC heap before
{Heap before GC invocations=13 (full 0):
 garbage-first heap   total 51200K, used 40207K [0x000000008ac00000, 0x0000000100000000)
  region size 1024K, 19 young (19456K), 3 survivors (3072K)
 Metaspace       used 59471K, committed 60096K, reserved 1114112K
  class space    used 7994K, committed 8320K, reserved 1048576K
}
Event: 8.239 GC heap after
{Heap after GC invocations=14 (full 0):
 garbage-first heap   total 51200K, used 26570K [0x000000008ac00000, 0x0000000100000000)
  region size 1024K, 2 young (2048K), 2 survivors (2048K)
 Metaspace       used 59471K, committed 60096K, reserved 1114112K
  class space    used 7994K, committed 8320K, reserved 1048576K
}
Event: 8.777 GC heap before
{Heap before GC invocations=15 (full 0):
 garbage-first heap   total 51200K, used 45002K [0x000000008ac00000, 0x0000000100000000)
  region size 1024K, 20 young (20480K), 2 survivors (2048K)
 Metaspace       used 61093K, committed 61824K, reserved 1114112K
  class space    used 8252K, committed 8576K, reserved 1048576K
}
Event: 8.780 GC heap after
{Heap after GC invocations=16 (full 0):
 garbage-first heap   total 51200K, used 28722K [0x000000008ac00000, 0x0000000100000000)
  region size 1024K, 3 young (3072K), 3 survivors (3072K)
 Metaspace       used 61093K, committed 61824K, reserved 1114112K
  class space    used 8252K, committed 8576K, reserved 1048576K
}
Event: 9.205 GC heap before
{Heap before GC invocations=16 (full 0):
 garbage-first heap   total 51200K, used 43058K [0x000000008ac00000, 0x0000000100000000)
  region size 1024K, 18 young (18432K), 3 survivors (3072K)
 Metaspace       used 62818K, committed 63424K, reserved 1114112K
  class space    used 8486K, committed 8768K, reserved 1048576K
}
Event: 9.210 GC heap after
{Heap after GC invocations=17 (full 0):
 garbage-first heap   total 51200K, used 30137K [0x000000008ac00000, 0x0000000100000000)
  region size 1024K, 2 young (2048K), 2 survivors (2048K)
 Metaspace       used 62818K, committed 63424K, reserved 1114112K
  class space    used 8486K, committed 8768K, reserved 1048576K
}

