# JRE version: OpenJDK Runtime Environment (21.0.2+13) (build 21.0.2+13-58)
# Java VM: OpenJDK 64-Bit Server VM (21.0.2+13-58, mixed mode, sharing, tiered, compressed oops, compressed class ptrs, g1 gc, windows-amd64)
GC Precious Log:
 CardTable entry size: 512
 Card Set container configuration: InlinePtr #cards 5 size 8 Array Of Cards #cards 12 size 40 Howl #buckets 4 coarsen threshold 1843 Howl Bitmap #cards 512 size 80 coarsen threshold 460 Card regions per heap region 1 cards per card region 2048
 CPUs: 8 total, 8 available
 Memory: 7502M
 Large Page Support: Disabled
 NUMA Support: Disabled
 Compressed Oops: Enabled (32-bit)
 Heap Region Size: 1M
 Heap Min Capacity: 8M
 Heap Initial Capacity: 118M
 Heap Max Capacity: 1876M
 Pre-touch: Disabled
 Parallel Workers: 8
 Concurrent Workers: 2
 Concurrent Refinement Workers: 8
 Periodic GC: Disabled
Heap:
 garbage-first heap   total 51200K, used 42007K [0x000000008ac00000, 0x0000000100000000)
  region size 1024K, 16 young (16384K), 2 survivors (2048K)
 Metaspace       used 66901K, committed 67648K, reserved 1114112K
  class space    used 9075K, committed 9408K, reserved 1048576K
GC Heap History (20 events):
Event: 4.419 GC heap before
{Heap before GC invocations=5 (full 0):
 garbage-first heap   total 51200K, used 37581K [0x000000008ac00000, 0x0000000100000000)
  region size 1024K, 25 young (25600K), 3 survivors (3072K)
 Metaspace       used 28896K, committed 29376K, reserved 1114112K
  class space    used 3608K, committed 3840K, reserved 1048576K
}
Event: 4.424 GC heap after
{Heap after GC invocations=6 (full 0):
 garbage-first heap   total 51200K, used 17913K [0x000000008ac00000, 0x0000000100000000)
  region size 1024K, 3 young (3072K), 3 survivors (3072K)
 Metaspace       used 28896K, committed 29376K, reserved 1114112K
  class space    used 3608K, committed 3840K, reserved 1048576K
}
Event: 5.071 GC heap before
{Heap before GC invocations=6 (full 0):
 garbage-first heap   total 51200K, used 39417K [0x000000008ac00000, 0x0000000100000000)
  region size 1024K, 25 young (25600K), 3 survivors (3072K)
 Metaspace       used 33326K, committed 33856K, reserved 1114112K
  class space    used 4246K, committed 4480K, reserved 1048576K
}
Event: 5.074 GC heap after
{Heap after GC invocations=7 (full 0):
 garbage-first heap   total 51200K, used 19112K [0x000000008ac00000, 0x0000000100000000)
  region size 1024K, 4 young (4096K), 4 survivors (4096K)
 Metaspace       used 33326K, committed 33856K, reserved 1114112K
  class space    used 4246K, committed 4480K, reserved 1048576K
}
Event: 5.365 GC heap before
{Heap before GC invocations=7 (full 0):
 garbage-first heap   total 51200K, used 27304K [0x000000008ac00000, 0x0000000100000000)
  region size 1024K, 13 young (13312K), 4 survivors (4096K)
 Metaspace       used 35425K, committed 35968K, reserved 1114112K
  class space    used 4595K, committed 4864K, reserved 1048576K
}
Event: 5.368 GC heap after
{Heap after GC invocations=8 (full 0):
 garbage-first heap   total 51200K, used 19418K [0x000000008ac00000, 0x0000000100000000)
  region size 1024K, 2 young (2048K), 2 survivors (2048K)
 Metaspace       used 35425K, committed 35968K, reserved 1114112K
  class space    used 4595K, committed 4864K, reserved 1048576K
}
Event: 6.152 GC heap before
{Heap before GC invocations=9 (full 0):
 garbage-first heap   total 51200K, used 42970K [0x000000008ac00000, 0x0000000100000000)
  region size 1024K, 25 young (25600K), 2 survivors (2048K)
 Metaspace       used 41999K, committed 42560K, reserved 1114112K
  class space    used 5503K, committed 5760K, reserved 1048576K
}
Event: 6.156 GC heap after
{Heap after GC invocations=10 (full 0):
 garbage-first heap   total 51200K, used 20921K [0x000000008ac00000, 0x0000000100000000)
  region size 1024K, 4 young (4096K), 4 survivors (4096K)
 Metaspace       used 41999K, committed 42560K, reserved 1114112K
  class space    used 5503K, committed 5760K, reserved 1048576K
}
Event: 6.770 GC heap before
{Heap before GC invocations=10 (full 0):
 garbage-first heap   total 51200K, used 41401K [0x000000008ac00000, 0x0000000100000000)
  region size 1024K, 25 young (25600K), 4 survivors (4096K)
 Metaspace       used 47271K, committed 47872K, reserved 1114112K
  class space    used 6296K, committed 6592K, reserved 1048576K
}
Event: 6.775 GC heap after
{Heap after GC invocations=11 (full 0):
 garbage-first heap   total 51200K, used 22172K [0x000000008ac00000, 0x0000000100000000)
  region size 1024K, 4 young (4096K), 4 survivors (4096K)
 Metaspace       used 47271K, committed 47872K, reserved 1114112K
  class space    used 6296K, committed 6592K, reserved 1048576K
}
Event: 7.276 GC heap before
{Heap before GC invocations=11 (full 0):
 garbage-first heap   total 51200K, used 43676K [0x000000008ac00000, 0x0000000100000000)
  region size 1024K, 25 young (25600K), 4 survivors (4096K)
 Metaspace       used 51615K, committed 52288K, reserved 1114112K
  class space    used 6930K, committed 7232K, reserved 1048576K
}
Event: 7.279 GC heap after
{Heap after GC invocations=12 (full 0):
 garbage-first heap   total 51200K, used 22995K [0x000000008ac00000, 0x0000000100000000)
  region size 1024K, 3 young (3072K), 3 survivors (3072K)
 Metaspace       used 51615K, committed 52288K, reserved 1114112K
  class space    used 6930K, committed 7232K, reserved 1048576K
}
Event: 7.779 GC heap before
{Heap before GC invocations=12 (full 0):
 garbage-first heap   total 51200K, used 43475K [0x000000008ac00000, 0x0000000100000000)
  region size 1024K, 23 young (23552K), 3 survivors (3072K)
 Metaspace       used 56253K, committed 56960K, reserved 1114112K
  class space    used 7575K, committed 7872K, reserved 1048576K
}
Event: 7.783 GC heap after
{Heap after GC invocations=13 (full 0):
 garbage-first heap   total 51200K, used 24524K [0x000000008ac00000, 0x0000000100000000)
  region size 1024K, 3 young (3072K), 3 survivors (3072K)
 Metaspace       used 56253K, committed 56960K, reserved 1114112K
  class space    used 7575K, committed 7872K, reserved 1048576K
}
Event: 8.177 GC heap before
{Heap before GC invocations=13 (full 0):
 garbage-first heap   total 51200K, used 38860K [0x000000008ac00000, 0x0000000100000000)
  region size 1024K, 18 young (18432K), 3 survivors (3072K)
 Metaspace       used 59520K, committed 60160K, reserved 1114112K
  class space    used 8023K, committed 8320K, reserved 1048576K
}
Event: 8.181 GC heap after
{Heap after GC invocations=14 (full 0):
 garbage-first heap   total 51200K, used 26049K [0x000000008ac00000, 0x0000000100000000)
  region size 1024K, 3 young (3072K), 3 survivors (3072K)
 Metaspace       used 59520K, committed 60160K, reserved 1114112K
  class space    used 8023K, committed 8320K, reserved 1048576K
}
Event: 8.637 GC heap before
{Heap before GC invocations=15 (full 0):
 garbage-first heap   total 51200K, used 44481K [0x000000008ac00000, 0x0000000100000000)
  region size 1024K, 21 young (21504K), 3 survivors (3072K)
 Metaspace       used 60975K, committed 61632K, reserved 1114112K
  class space    used 8250K, committed 8512K, reserved 1048576K
}
Event: 8.641 GC heap after
{Heap after GC invocations=16 (full 0):
 garbage-first heap   total 51200K, used 28441K [0x000000008ac00000, 0x0000000100000000)
  region size 1024K, 3 young (3072K), 3 survivors (3072K)
 Metaspace       used 60975K, committed 61632K, reserved 1114112K
  class space    used 8250K, committed 8512K, reserved 1048576K
}
Event: 8.954 GC heap before
{Heap before GC invocations=16 (full 0):
 garbage-first heap   total 51200K, used 43801K [0x000000008ac00000, 0x0000000100000000)
  region size 1024K, 18 young (18432K), 3 survivors (3072K)
 Metaspace       used 62760K, committed 63424K, reserved 1114112K
  class space    used 8492K, committed 8768K, reserved 1048576K
}
Event: 8.958 GC heap after
{Heap after GC invocations=17 (full 0):
 garbage-first heap   total 51200K, used 29719K [0x000000008ac00000, 0x0000000100000000)
  region size 1024K, 2 young (2048K), 2 survivors (2048K)
 Metaspace       used 62760K, committed 63424K, reserved 1114112K
  class space    used 8492K, committed 8768K, reserved 1048576K
}

