# JRE version: OpenJDK Runtime Environment (21.0.2+13) (build 21.0.2+13-58)
# Java VM: OpenJDK 64-Bit Server VM (21.0.2+13-58, mixed mode, sharing, tiered, compressed oops, compressed class ptrs, g1 gc, windows-amd64)
GC Precious Log:
 CardTable entry size: 512
 Card Set container configuration: InlinePtr #cards 5 size 8 Array Of Cards #cards 12 size 40 Howl #buckets 4 coarsen threshold 1843 Howl Bitmap #cards 512 size 80 coarsen threshold 460 Card regions per heap region 1 cards per card region 2048
 CPUs: 8 total, 8 available
 Memory: 7502M
 Large Page Support: Disabled
 NUMA Support: Disabled
 Compressed Oops: Enabled (32-bit)
 Heap Region Size: 1M
 Heap Min Capacity: 8M
 Heap Initial Capacity: 118M
 Heap Max Capacity: 1876M
 Pre-touch: Disabled
 Parallel Workers: 8
 Concurrent Workers: 2
 Concurrent Refinement Workers: 8
 Periodic GC: Disabled
Heap:
 garbage-first heap   total 51200K, used 32422K [0x000000008ac00000, 0x0000000100000000)
  region size 1024K, 11 young (11264K), 3 survivors (3072K)
 Metaspace       used 57989K, committed 58688K, reserved 1114112K
  class space    used 7798K, committed 8128K, reserved 1048576K
GC Heap History (20 events):
Event: 2.954 GC heap before
{Heap before GC invocations=1 (full 0):
 garbage-first heap   total 120832K, used 36675K [0x000000008ac00000, 0x0000000100000000)
  region size 1024K, 32 young (32768K), 3 survivors (3072K)
 Metaspace       used 13846K, committed 14080K, reserved 1114112K
  class space    used 1624K, committed 1728K, reserved 1048576K
}
Event: 2.961 GC heap after
{Heap after GC invocations=2 (full 0):
 garbage-first heap   total 120832K, used 9949K [0x000000008ac00000, 0x0000000100000000)
  region size 1024K, 3 young (3072K), 3 survivors (3072K)
 Metaspace       used 13846K, committed 14080K, reserved 1114112K
  class space    used 1624K, committed 1728K, reserved 1048576K
}
Event: 4.936 GC heap before
{Heap before GC invocations=2 (full 0):
 garbage-first heap   total 120832K, used 55005K [0x000000008ac00000, 0x0000000100000000)
  region size 1024K, 49 young (50176K), 3 survivors (3072K)
 Metaspace       used 21257K, committed 21504K, reserved 1114112K
  class space    used 2558K, committed 2688K, reserved 1048576K
}
Event: 4.944 GC heap after
{Heap after GC invocations=3 (full 0):
 garbage-first heap   total 120832K, used 13675K [0x000000008ac00000, 0x0000000100000000)
  region size 1024K, 7 young (7168K), 7 survivors (7168K)
 Metaspace       used 21257K, committed 21504K, reserved 1114112K
  class space    used 2558K, committed 2688K, reserved 1048576K
}
Event: 6.253 GC heap before
{Heap before GC invocations=4 (full 0):
 garbage-first heap   total 51200K, used 37227K [0x000000008ac00000, 0x0000000100000000)
  region size 1024K, 30 young (30720K), 7 survivors (7168K)
 Metaspace       used 24899K, committed 25280K, reserved 1114112K
  class space    used 3092K, committed 3264K, reserved 1048576K
}
Event: 6.261 GC heap after
{Heap after GC invocations=5 (full 0):
 garbage-first heap   total 51200K, used 16139K [0x000000008ac00000, 0x0000000100000000)
  region size 1024K, 3 young (3072K), 3 survivors (3072K)
 Metaspace       used 24899K, committed 25280K, reserved 1114112K
  class space    used 3092K, committed 3264K, reserved 1048576K
}
Event: 7.339 GC heap before
{Heap before GC invocations=5 (full 0):
 garbage-first heap   total 51200K, used 38667K [0x000000008ac00000, 0x0000000100000000)
  region size 1024K, 26 young (26624K), 3 survivors (3072K)
 Metaspace       used 29146K, committed 29696K, reserved 1114112K
  class space    used 3643K, committed 3904K, reserved 1048576K
}
Event: 7.348 GC heap after
{Heap after GC invocations=6 (full 0):
 garbage-first heap   total 51200K, used 18273K [0x000000008ac00000, 0x0000000100000000)
  region size 1024K, 3 young (3072K), 3 survivors (3072K)
 Metaspace       used 29146K, committed 29696K, reserved 1114112K
  class space    used 3643K, committed 3904K, reserved 1048576K
}
Event: 8.325 GC heap before
{Heap before GC invocations=6 (full 0):
 garbage-first heap   total 51200K, used 39777K [0x000000008ac00000, 0x0000000100000000)
  region size 1024K, 25 young (25600K), 3 survivors (3072K)
 Metaspace       used 33810K, committed 34368K, reserved 1114112K
  class space    used 4321K, committed 4544K, reserved 1048576K
}
Event: 8.331 GC heap after
{Heap after GC invocations=7 (full 0):
 garbage-first heap   total 51200K, used 19292K [0x000000008ac00000, 0x0000000100000000)
  region size 1024K, 4 young (4096K), 4 survivors (4096K)
 Metaspace       used 33810K, committed 34368K, reserved 1114112K
  class space    used 4321K, committed 4544K, reserved 1048576K
}
Event: 8.631 GC heap before
{Heap before GC invocations=7 (full 0):
 garbage-first heap   total 51200K, used 26460K [0x000000008ac00000, 0x0000000100000000)
  region size 1024K, 12 young (12288K), 4 survivors (4096K)
 Metaspace       used 35605K, committed 36096K, reserved 1114112K
  class space    used 4633K, committed 4864K, reserved 1048576K
}
Event: 8.635 GC heap after
{Heap after GC invocations=8 (full 0):
 garbage-first heap   total 51200K, used 19715K [0x000000008ac00000, 0x0000000100000000)
  region size 1024K, 2 young (2048K), 2 survivors (2048K)
 Metaspace       used 35605K, committed 36096K, reserved 1114112K
  class space    used 4633K, committed 4864K, reserved 1048576K
}
Event: 10.065 GC heap before
{Heap before GC invocations=9 (full 0):
 garbage-first heap   total 51200K, used 42243K [0x000000008ac00000, 0x0000000100000000)
  region size 1024K, 25 young (25600K), 2 survivors (2048K)
 Metaspace       used 42051K, committed 42624K, reserved 1114112K
  class space    used 5514K, committed 5760K, reserved 1048576K
}
Event: 10.069 GC heap after
{Heap after GC invocations=10 (full 0):
 garbage-first heap   total 51200K, used 21213K [0x000000008ac00000, 0x0000000100000000)
  region size 1024K, 4 young (4096K), 4 survivors (4096K)
 Metaspace       used 42051K, committed 42624K, reserved 1114112K
  class space    used 5514K, committed 5760K, reserved 1048576K
}
Event: 10.839 GC heap before
{Heap before GC invocations=10 (full 0):
 garbage-first heap   total 51200K, used 41693K [0x000000008ac00000, 0x0000000100000000)
  region size 1024K, 25 young (25600K), 4 survivors (4096K)
 Metaspace       used 47459K, committed 48064K, reserved 1114112K
  class space    used 6296K, committed 6592K, reserved 1048576K
}
Event: 10.845 GC heap after
{Heap after GC invocations=11 (full 0):
 garbage-first heap   total 51200K, used 22530K [0x000000008ac00000, 0x0000000100000000)
  region size 1024K, 4 young (4096K), 4 survivors (4096K)
 Metaspace       used 47459K, committed 48064K, reserved 1114112K
  class space    used 6296K, committed 6592K, reserved 1048576K
}
Event: 11.626 GC heap before
{Heap before GC invocations=11 (full 0):
 garbage-first heap   total 51200K, used 43010K [0x000000008ac00000, 0x0000000100000000)
  region size 1024K, 24 young (24576K), 4 survivors (4096K)
 Metaspace       used 51611K, committed 52224K, reserved 1114112K
  class space    used 6935K, committed 7232K, reserved 1048576K
}
Event: 11.631 GC heap after
{Heap after GC invocations=12 (full 0):
 garbage-first heap   total 51200K, used 23384K [0x000000008ac00000, 0x0000000100000000)
  region size 1024K, 3 young (3072K), 3 survivors (3072K)
 Metaspace       used 51611K, committed 52224K, reserved 1114112K
  class space    used 6935K, committed 7232K, reserved 1048576K
}
Event: 12.641 GC heap before
{Heap before GC invocations=12 (full 0):
 garbage-first heap   total 51200K, used 43864K [0x000000008ac00000, 0x0000000100000000)
  region size 1024K, 23 young (23552K), 3 survivors (3072K)
 Metaspace       used 56192K, committed 56832K, reserved 1114112K
  class space    used 7579K, committed 7872K, reserved 1048576K
}
Event: 12.646 GC heap after
{Heap after GC invocations=13 (full 0):
 garbage-first heap   total 51200K, used 25254K [0x000000008ac00000, 0x0000000100000000)
  region size 1024K, 3 young (3072K), 3 survivors (3072K)
 Metaspace       used 56192K, committed 56832K, reserved 1114112K
  class space    used 7579K, committed 7872K, reserved 1048576K
}

