# JRE version: OpenJDK Runtime Environment (21.0.2+13) (build 21.0.2+13-58)
# Java VM: OpenJDK 64-Bit Server VM (21.0.2+13-58, mixed mode, sharing, tiered, compressed oops, compressed class ptrs, g1 gc, windows-amd64)
GC Precious Log:
 CardTable entry size: 512
 Card Set container configuration: InlinePtr #cards 5 size 8 Array Of Cards #cards 12 size 40 Howl #buckets 4 coarsen threshold 1843 Howl Bitmap #cards 512 size 80 coarsen threshold 460 Card regions per heap region 1 cards per card region 2048
 CPUs: 8 total, 8 available
 Memory: 7502M
 Large Page Support: Disabled
 NUMA Support: Disabled
 Compressed Oops: Enabled (32-bit)
 Heap Region Size: 1M
 Heap Min Capacity: 8M
 Heap Initial Capacity: 118M
 Heap Max Capacity: 1876M
 Pre-touch: Disabled
 Parallel Workers: 8
 Concurrent Workers: 2
 Concurrent Refinement Workers: 8
 Periodic GC: Disabled
Heap:
 garbage-first heap   total 51200K, used 29816K [0x000000008ac00000, 0x0000000100000000)
  region size 1024K, 9 young (9216K), 3 survivors (3072K)
 Metaspace       used 57482K, committed 58112K, reserved 1114112K
  class space    used 7699K, committed 8000K, reserved 1048576K
GC Heap History (20 events):
Event: 3.074 GC heap before
{Heap before GC invocations=1 (full 0):
 garbage-first heap   total 120832K, used 35690K [0x000000008ac00000, 0x0000000100000000)
  region size 1024K, 32 young (32768K), 3 survivors (3072K)
 Metaspace       used 13849K, committed 14080K, reserved 1114112K
  class space    used 1626K, committed 1728K, reserved 1048576K
}
Event: 3.078 GC heap after
{Heap after GC invocations=2 (full 0):
 garbage-first heap   total 120832K, used 9834K [0x000000008ac00000, 0x0000000100000000)
  region size 1024K, 3 young (3072K), 3 survivors (3072K)
 Metaspace       used 13849K, committed 14080K, reserved 1114112K
  class space    used 1626K, committed 1728K, reserved 1048576K
}
Event: 4.566 GC heap before
{Heap before GC invocations=2 (full 0):
 garbage-first heap   total 120832K, used 54890K [0x000000008ac00000, 0x0000000100000000)
  region size 1024K, 49 young (50176K), 3 survivors (3072K)
 Metaspace       used 21251K, committed 21504K, reserved 1114112K
  class space    used 2559K, committed 2688K, reserved 1048576K
}
Event: 4.573 GC heap after
{Heap after GC invocations=3 (full 0):
 garbage-first heap   total 120832K, used 13454K [0x000000008ac00000, 0x0000000100000000)
  region size 1024K, 7 young (7168K), 7 survivors (7168K)
 Metaspace       used 21251K, committed 21504K, reserved 1114112K
  class space    used 2559K, committed 2688K, reserved 1048576K
}
Event: 5.417 GC heap before
{Heap before GC invocations=4 (full 0):
 garbage-first heap   total 51200K, used 37006K [0x000000008ac00000, 0x0000000100000000)
  region size 1024K, 30 young (30720K), 7 survivors (7168K)
 Metaspace       used 24912K, committed 25280K, reserved 1114112K
  class space    used 3100K, committed 3264K, reserved 1048576K
}
Event: 5.423 GC heap after
{Heap after GC invocations=5 (full 0):
 garbage-first heap   total 51200K, used 16096K [0x000000008ac00000, 0x0000000100000000)
  region size 1024K, 3 young (3072K), 3 survivors (3072K)
 Metaspace       used 24912K, committed 25280K, reserved 1114112K
  class space    used 3100K, committed 3264K, reserved 1048576K
}
Event: 6.090 GC heap before
{Heap before GC invocations=5 (full 0):
 garbage-first heap   total 51200K, used 37600K [0x000000008ac00000, 0x0000000100000000)
  region size 1024K, 25 young (25600K), 3 survivors (3072K)
 Metaspace       used 28908K, committed 29440K, reserved 1114112K
  class space    used 3610K, committed 3840K, reserved 1048576K
}
Event: 6.095 GC heap after
{Heap after GC invocations=6 (full 0):
 garbage-first heap   total 51200K, used 17699K [0x000000008ac00000, 0x0000000100000000)
  region size 1024K, 2 young (2048K), 2 survivors (2048K)
 Metaspace       used 28908K, committed 29440K, reserved 1114112K
  class space    used 3610K, committed 3840K, reserved 1048576K
}
Event: 6.885 GC heap before
{Heap before GC invocations=6 (full 0):
 garbage-first heap   total 51200K, used 39203K [0x000000008ac00000, 0x0000000100000000)
  region size 1024K, 24 young (24576K), 2 survivors (2048K)
 Metaspace       used 33500K, committed 34048K, reserved 1114112K
  class space    used 4276K, committed 4544K, reserved 1048576K
}
Event: 6.889 GC heap after
{Heap after GC invocations=7 (full 0):
 garbage-first heap   total 51200K, used 19263K [0x000000008ac00000, 0x0000000100000000)
  region size 1024K, 2 young (2048K), 2 survivors (2048K)
 Metaspace       used 33500K, committed 34048K, reserved 1114112K
  class space    used 4276K, committed 4544K, reserved 1048576K
}
Event: 7.126 GC heap before
{Heap before GC invocations=7 (full 0):
 garbage-first heap   total 51200K, used 25407K [0x000000008ac00000, 0x0000000100000000)
  region size 1024K, 10 young (10240K), 2 survivors (2048K)
 Metaspace       used 35428K, committed 35968K, reserved 1114112K
  class space    used 4595K, committed 4864K, reserved 1048576K
}
Event: 7.128 GC heap after
{Heap after GC invocations=8 (full 0):
 garbage-first heap   total 51200K, used 19514K [0x000000008ac00000, 0x0000000100000000)
  region size 1024K, 2 young (2048K), 2 survivors (2048K)
 Metaspace       used 35428K, committed 35968K, reserved 1114112K
  class space    used 4595K, committed 4864K, reserved 1048576K
}
Event: 8.145 GC heap before
{Heap before GC invocations=9 (full 0):
 garbage-first heap   total 51200K, used 42042K [0x000000008ac00000, 0x0000000100000000)
  region size 1024K, 25 young (25600K), 2 survivors (2048K)
 Metaspace       used 41931K, committed 42432K, reserved 1114112K
  class space    used 5498K, committed 5696K, reserved 1048576K
}
Event: 8.148 GC heap after
{Heap after GC invocations=10 (full 0):
 garbage-first heap   total 51200K, used 21060K [0x000000008ac00000, 0x0000000100000000)
  region size 1024K, 4 young (4096K), 4 survivors (4096K)
 Metaspace       used 41931K, committed 42432K, reserved 1114112K
  class space    used 5498K, committed 5696K, reserved 1048576K
}
Event: 8.703 GC heap before
{Heap before GC invocations=10 (full 0):
 garbage-first heap   total 51200K, used 41540K [0x000000008ac00000, 0x0000000100000000)
  region size 1024K, 25 young (25600K), 4 survivors (4096K)
 Metaspace       used 47229K, committed 47808K, reserved 1114112K
  class space    used 6275K, committed 6528K, reserved 1048576K
}
Event: 8.707 GC heap after
{Heap after GC invocations=11 (full 0):
 garbage-first heap   total 51200K, used 22357K [0x000000008ac00000, 0x0000000100000000)
  region size 1024K, 4 young (4096K), 4 survivors (4096K)
 Metaspace       used 47229K, committed 47808K, reserved 1114112K
  class space    used 6275K, committed 6528K, reserved 1048576K
}
Event: 9.353 GC heap before
{Heap before GC invocations=11 (full 0):
 garbage-first heap   total 51200K, used 41813K [0x000000008ac00000, 0x0000000100000000)
  region size 1024K, 24 young (24576K), 4 survivors (4096K)
 Metaspace       used 51573K, committed 52224K, reserved 1114112K
  class space    used 6928K, committed 7232K, reserved 1048576K
}
Event: 9.356 GC heap after
{Heap after GC invocations=12 (full 0):
 garbage-first heap   total 51200K, used 22922K [0x000000008ac00000, 0x0000000100000000)
  region size 1024K, 3 young (3072K), 3 survivors (3072K)
 Metaspace       used 51573K, committed 52224K, reserved 1114112K
  class space    used 6928K, committed 7232K, reserved 1048576K
}
Event: 10.177 GC heap before
{Heap before GC invocations=12 (full 0):
 garbage-first heap   total 51200K, used 42378K [0x000000008ac00000, 0x0000000100000000)
  region size 1024K, 23 young (23552K), 3 survivors (3072K)
 Metaspace       used 56200K, committed 56896K, reserved 1114112K
  class space    used 7576K, committed 7872K, reserved 1048576K
}
Event: 10.181 GC heap after
{Heap after GC invocations=13 (full 0):
 garbage-first heap   total 51200K, used 24696K [0x000000008ac00000, 0x0000000100000000)
  region size 1024K, 3 young (3072K), 3 survivors (3072K)
 Metaspace       used 56200K, committed 56896K, reserved 1114112K
  class space    used 7576K, committed 7872K, reserved 1048576K
}

