# JRE version: OpenJDK Runtime Environment (21.0.2+13) (build 21.0.2+13-58)
# Java VM: OpenJDK 64-Bit Server VM (21.0.2+13-58, mixed mode, sharing, tiered, compressed oops, compressed class ptrs, g1 gc, windows-amd64)
GC Precious Log:
 CardTable entry size: 512
 Card Set container configuration: InlinePtr #cards 5 size 8 Array Of Cards #cards 12 size 40 Howl #buckets 4 coarsen threshold 1843 Howl Bitmap #cards 512 size 80 coarsen threshold 460 Card regions per heap region 1 cards per card region 2048
 CPUs: 8 total, 8 available
 Memory: 7502M
 Large Page Support: Disabled
 NUMA Support: Disabled
 Compressed Oops: Enabled (32-bit)
 Heap Region Size: 1M
 Heap Min Capacity: 8M
 Heap Initial Capacity: 118M
 Heap Max Capacity: 1876M
 Pre-touch: Disabled
 Parallel Workers: 8
 Concurrent Workers: 2
 Concurrent Refinement Workers: 8
 Periodic GC: Disabled
Heap:
 garbage-first heap   total 62464K, used 29345K [0x000000008ac00000, 0x0000000100000000)
  region size 1024K, 6 young (6144K), 2 survivors (2048K)
 Metaspace       used 59712K, committed 60416K, reserved 1114112K
  class space    used 8052K, committed 8384K, reserved 1048576K
GC Heap History (20 events):
Event: 1.769 GC heap before
{Heap before GC invocations=0 (full 0):
 garbage-first heap   total 120832K, used 23552K [0x000000008ac00000, 0x0000000100000000)
  region size 1024K, 23 young (23552K), 0 survivors (0K)
 Metaspace       used 5625K, committed 5824K, reserved 1114112K
  class space    used 608K, committed 704K, reserved 1048576K
}
Event: 1.773 GC heap after
{Heap after GC invocations=1 (full 0):
 garbage-first heap   total 120832K, used 6881K [0x000000008ac00000, 0x0000000100000000)
  region size 1024K, 3 young (3072K), 3 survivors (3072K)
 Metaspace       used 5625K, committed 5824K, reserved 1114112K
  class space    used 608K, committed 704K, reserved 1048576K
}
Event: 2.435 GC heap before
{Heap before GC invocations=1 (full 0):
 garbage-first heap   total 120832K, used 35553K [0x000000008ac00000, 0x0000000100000000)
  region size 1024K, 32 young (32768K), 3 survivors (3072K)
 Metaspace       used 13845K, committed 14144K, reserved 1114112K
  class space    used 1623K, committed 1728K, reserved 1048576K
}
Event: 2.439 GC heap after
{Heap after GC invocations=2 (full 0):
 garbage-first heap   total 120832K, used 9918K [0x000000008ac00000, 0x0000000100000000)
  region size 1024K, 3 young (3072K), 3 survivors (3072K)
 Metaspace       used 13845K, committed 14144K, reserved 1114112K
  class space    used 1623K, committed 1728K, reserved 1048576K
}
Event: 4.025 GC heap before
{Heap before GC invocations=2 (full 0):
 garbage-first heap   total 120832K, used 55998K [0x000000008ac00000, 0x0000000100000000)
  region size 1024K, 49 young (50176K), 3 survivors (3072K)
 Metaspace       used 21220K, committed 21504K, reserved 1114112K
  class space    used 2551K, committed 2688K, reserved 1048576K
}
Event: 4.030 GC heap after
{Heap after GC invocations=3 (full 0):
 garbage-first heap   total 120832K, used 13472K [0x000000008ac00000, 0x0000000100000000)
  region size 1024K, 7 young (7168K), 7 survivors (7168K)
 Metaspace       used 21220K, committed 21504K, reserved 1114112K
  class space    used 2551K, committed 2688K, reserved 1048576K
}
Event: 5.286 GC heap before
{Heap before GC invocations=4 (full 0):
 garbage-first heap   total 51200K, used 50336K [0x000000008ac00000, 0x0000000100000000)
  region size 1024K, 43 young (44032K), 7 survivors (7168K)
 Metaspace       used 27566K, committed 28032K, reserved 1114112K
  class space    used 3461K, committed 3648K, reserved 1048576K
}
Event: 5.294 GC heap after
{Heap after GC invocations=5 (full 0):
 garbage-first heap   total 62464K, used 17679K [0x000000008ac00000, 0x0000000100000000)
  region size 1024K, 8 young (8192K), 8 survivors (8192K)
 Metaspace       used 27566K, committed 28032K, reserved 1114112K
  class space    used 3461K, committed 3648K, reserved 1048576K
}
Event: 6.097 GC heap before
{Heap before GC invocations=5 (full 0):
 garbage-first heap   total 62464K, used 46351K [0x000000008ac00000, 0x0000000100000000)
  region size 1024K, 36 young (36864K), 8 survivors (8192K)
 Metaspace       used 32497K, committed 33088K, reserved 1114112K
  class space    used 4103K, committed 4352K, reserved 1048576K
}
Event: 6.104 GC heap after
{Heap after GC invocations=6 (full 0):
 garbage-first heap   total 62464K, used 18874K [0x000000008ac00000, 0x0000000100000000)
  region size 1024K, 3 young (3072K), 3 survivors (3072K)
 Metaspace       used 32497K, committed 33088K, reserved 1114112K
  class space    used 4103K, committed 4352K, reserved 1048576K
}
Event: 6.394 GC heap before
{Heap before GC invocations=6 (full 0):
 garbage-first heap   total 62464K, used 30138K [0x000000008ac00000, 0x0000000100000000)
  region size 1024K, 15 young (15360K), 3 survivors (3072K)
 Metaspace       used 35412K, committed 35968K, reserved 1114112K
  class space    used 4592K, committed 4864K, reserved 1048576K
}
Event: 6.397 GC heap after
{Heap after GC invocations=7 (full 0):
 garbage-first heap   total 62464K, used 18987K [0x000000008ac00000, 0x0000000100000000)
  region size 1024K, 3 young (3072K), 3 survivors (3072K)
 Metaspace       used 35412K, committed 35968K, reserved 1114112K
  class space    used 4592K, committed 4864K, reserved 1048576K
}
Event: 7.465 GC heap before
{Heap before GC invocations=8 (full 0):
 garbage-first heap   total 62464K, used 49707K [0x000000008ac00000, 0x0000000100000000)
  region size 1024K, 34 young (34816K), 3 survivors (3072K)
 Metaspace       used 43531K, committed 44096K, reserved 1114112K
  class space    used 5684K, committed 5952K, reserved 1048576K
}
Event: 7.469 GC heap after
{Heap after GC invocations=9 (full 0):
 garbage-first heap   total 62464K, used 21360K [0x000000008ac00000, 0x0000000100000000)
  region size 1024K, 5 young (5120K), 5 survivors (5120K)
 Metaspace       used 43531K, committed 44096K, reserved 1114112K
  class space    used 5684K, committed 5952K, reserved 1048576K
}
Event: 8.198 GC heap before
{Heap before GC invocations=9 (full 0):
 garbage-first heap   total 62464K, used 51056K [0x000000008ac00000, 0x0000000100000000)
  region size 1024K, 35 young (35840K), 5 survivors (5120K)
 Metaspace       used 51469K, committed 52096K, reserved 1114112K
  class space    used 6921K, committed 7232K, reserved 1048576K
}
Event: 8.202 GC heap after
{Heap after GC invocations=10 (full 0):
 garbage-first heap   total 62464K, used 22810K [0x000000008ac00000, 0x0000000100000000)
  region size 1024K, 4 young (4096K), 4 survivors (4096K)
 Metaspace       used 51469K, committed 52096K, reserved 1114112K
  class space    used 6921K, committed 7232K, reserved 1048576K
}
Event: 9.022 GC heap before
{Heap before GC invocations=10 (full 0):
 garbage-first heap   total 62464K, used 53530K [0x000000008ac00000, 0x0000000100000000)
  region size 1024K, 34 young (34816K), 4 survivors (4096K)
 Metaspace       used 57764K, committed 58432K, reserved 1114112K
  class space    used 7746K, committed 8064K, reserved 1048576K
}
Event: 9.026 GC heap after
{Heap after GC invocations=11 (full 0):
 garbage-first heap   total 62464K, used 25148K [0x000000008ac00000, 0x0000000100000000)
  region size 1024K, 4 young (4096K), 4 survivors (4096K)
 Metaspace       used 57764K, committed 58432K, reserved 1114112K
  class space    used 7746K, committed 8064K, reserved 1048576K
}
Event: 9.321 GC heap before
{Heap before GC invocations=11 (full 0):
 garbage-first heap   total 62464K, used 33340K [0x000000008ac00000, 0x0000000100000000)
  region size 1024K, 13 young (13312K), 4 survivors (4096K)
 Metaspace       used 59518K, committed 60160K, reserved 1114112K
  class space    used 8023K, committed 8320K, reserved 1048576K
}
Event: 9.325 GC heap after
{Heap after GC invocations=12 (full 0):
 garbage-first heap   total 62464K, used 26273K [0x000000008ac00000, 0x0000000100000000)
  region size 1024K, 2 young (2048K), 2 survivors (2048K)
 Metaspace       used 59518K, committed 60160K, reserved 1114112K
  class space    used 8023K, committed 8320K, reserved 1048576K
}

