# JRE version: OpenJDK Runtime Environment (21.0.2+13) (build 21.0.2+13-58)
# Java VM: OpenJDK 64-Bit Server VM (21.0.2+13-58, mixed mode, sharing, tiered, compressed oops, compressed class ptrs, g1 gc, windows-amd64)
GC Precious Log:
 CardTable entry size: 512
 Card Set container configuration: InlinePtr #cards 5 size 8 Array Of Cards #cards 12 size 40 Howl #buckets 4 coarsen threshold 1843 Howl Bitmap #cards 512 size 80 coarsen threshold 460 Card regions per heap region 1 cards per card region 2048
 CPUs: 8 total, 8 available
 Memory: 7502M
 Large Page Support: Disabled
 NUMA Support: Disabled
 Compressed Oops: Enabled (32-bit)
 Heap Region Size: 1M
 Heap Min Capacity: 8M
 Heap Initial Capacity: 118M
 Heap Max Capacity: 1876M
 Pre-touch: Disabled
 Parallel Workers: 8
 Concurrent Workers: 2
 Concurrent Refinement Workers: 8
 Periodic GC: Disabled
Heap:
 garbage-first heap   total 51200K, used 38090K [0x000000008ac00000, 0x0000000100000000)
  region size 1024K, 18 young (18432K), 3 survivors (3072K)
 Metaspace       used 58965K, committed 59648K, reserved 1114112K
  class space    used 7942K, committed 8256K, reserved 1048576K
GC Heap History (20 events):
Event: 2.149 GC heap before
{Heap before GC invocations=1 (full 0):
 garbage-first heap   total 120832K, used 36298K [0x000000008ac00000, 0x0000000100000000)
  region size 1024K, 33 young (33792K), 3 survivors (3072K)
 Metaspace       used 14238K, committed 14464K, reserved 1114112K
  class space    used 1678K, committed 1792K, reserved 1048576K
}
Event: 2.153 GC heap after
{Heap after GC invocations=2 (full 0):
 garbage-first heap   total 120832K, used 9737K [0x000000008ac00000, 0x0000000100000000)
  region size 1024K, 4 young (4096K), 4 survivors (4096K)
 Metaspace       used 14238K, committed 14464K, reserved 1114112K
  class space    used 1678K, committed 1792K, reserved 1048576K
}
Event: 3.972 GC heap before
{Heap before GC invocations=2 (full 0):
 garbage-first heap   total 120832K, used 53769K [0x000000008ac00000, 0x0000000100000000)
  region size 1024K, 49 young (50176K), 4 survivors (4096K)
 Metaspace       used 21227K, committed 21504K, reserved 1114112K
  class space    used 2553K, committed 2688K, reserved 1048576K
}
Event: 3.978 GC heap after
{Heap after GC invocations=3 (full 0):
 garbage-first heap   total 120832K, used 13643K [0x000000008ac00000, 0x0000000100000000)
  region size 1024K, 7 young (7168K), 7 survivors (7168K)
 Metaspace       used 21227K, committed 21504K, reserved 1114112K
  class space    used 2553K, committed 2688K, reserved 1048576K
}
Event: 4.869 GC heap before
{Heap before GC invocations=4 (full 0):
 garbage-first heap   total 51200K, used 37195K [0x000000008ac00000, 0x0000000100000000)
  region size 1024K, 30 young (30720K), 7 survivors (7168K)
 Metaspace       used 24748K, committed 25152K, reserved 1114112K
  class space    used 3065K, committed 3264K, reserved 1048576K
}
Event: 4.879 GC heap after
{Heap after GC invocations=5 (full 0):
 garbage-first heap   total 51200K, used 15763K [0x000000008ac00000, 0x0000000100000000)
  region size 1024K, 3 young (3072K), 3 survivors (3072K)
 Metaspace       used 24748K, committed 25152K, reserved 1114112K
  class space    used 3065K, committed 3264K, reserved 1048576K
}
Event: 5.762 GC heap before
{Heap before GC invocations=5 (full 0):
 garbage-first heap   total 51200K, used 37267K [0x000000008ac00000, 0x0000000100000000)
  region size 1024K, 25 young (25600K), 3 survivors (3072K)
 Metaspace       used 28963K, committed 29504K, reserved 1114112K
  class space    used 3614K, committed 3840K, reserved 1048576K
}
Event: 5.768 GC heap after
{Heap after GC invocations=6 (full 0):
 garbage-first heap   total 51200K, used 17790K [0x000000008ac00000, 0x0000000100000000)
  region size 1024K, 3 young (3072K), 3 survivors (3072K)
 Metaspace       used 28963K, committed 29504K, reserved 1114112K
  class space    used 3614K, committed 3840K, reserved 1048576K
}
Event: 6.554 GC heap before
{Heap before GC invocations=6 (full 0):
 garbage-first heap   total 51200K, used 40318K [0x000000008ac00000, 0x0000000100000000)
  region size 1024K, 25 young (25600K), 3 survivors (3072K)
 Metaspace       used 33573K, committed 34176K, reserved 1114112K
  class space    used 4284K, committed 4544K, reserved 1048576K
}
Event: 6.557 GC heap after
{Heap after GC invocations=7 (full 0):
 garbage-first heap   total 51200K, used 18988K [0x000000008ac00000, 0x0000000100000000)
  region size 1024K, 4 young (4096K), 4 survivors (4096K)
 Metaspace       used 33573K, committed 34176K, reserved 1114112K
  class space    used 4284K, committed 4544K, reserved 1048576K
}
Event: 6.839 GC heap before
{Heap before GC invocations=7 (full 0):
 garbage-first heap   total 51200K, used 26156K [0x000000008ac00000, 0x0000000100000000)
  region size 1024K, 12 young (12288K), 4 survivors (4096K)
 Metaspace       used 35442K, committed 35968K, reserved 1114112K
  class space    used 4594K, committed 4864K, reserved 1048576K
}
Event: 6.842 GC heap after
{Heap after GC invocations=8 (full 0):
 garbage-first heap   total 51200K, used 19509K [0x000000008ac00000, 0x0000000100000000)
  region size 1024K, 2 young (2048K), 2 survivors (2048K)
 Metaspace       used 35442K, committed 35968K, reserved 1114112K
  class space    used 4594K, committed 4864K, reserved 1048576K
}
Event: 7.782 GC heap before
{Heap before GC invocations=9 (full 0):
 garbage-first heap   total 51200K, used 42037K [0x000000008ac00000, 0x0000000100000000)
  region size 1024K, 25 young (25600K), 2 survivors (2048K)
 Metaspace       used 41977K, committed 42496K, reserved 1114112K
  class space    used 5504K, committed 5696K, reserved 1048576K
}
Event: 7.786 GC heap after
{Heap after GC invocations=10 (full 0):
 garbage-first heap   total 51200K, used 21123K [0x000000008ac00000, 0x0000000100000000)
  region size 1024K, 4 young (4096K), 4 survivors (4096K)
 Metaspace       used 41977K, committed 42496K, reserved 1114112K
  class space    used 5504K, committed 5696K, reserved 1048576K
}
Event: 8.437 GC heap before
{Heap before GC invocations=10 (full 0):
 garbage-first heap   total 51200K, used 41603K [0x000000008ac00000, 0x0000000100000000)
  region size 1024K, 25 young (25600K), 4 survivors (4096K)
 Metaspace       used 47241K, committed 47808K, reserved 1114112K
  class space    used 6252K, committed 6528K, reserved 1048576K
}
Event: 8.441 GC heap after
{Heap after GC invocations=11 (full 0):
 garbage-first heap   total 51200K, used 22133K [0x000000008ac00000, 0x0000000100000000)
  region size 1024K, 4 young (4096K), 4 survivors (4096K)
 Metaspace       used 47241K, committed 47808K, reserved 1114112K
  class space    used 6252K, committed 6528K, reserved 1048576K
}
Event: 8.974 GC heap before
{Heap before GC invocations=11 (full 0):
 garbage-first heap   total 51200K, used 42613K [0x000000008ac00000, 0x0000000100000000)
  region size 1024K, 24 young (24576K), 4 survivors (4096K)
 Metaspace       used 51622K, committed 52224K, reserved 1114112K
  class space    used 6933K, committed 7232K, reserved 1048576K
}
Event: 8.977 GC heap after
{Heap after GC invocations=12 (full 0):
 garbage-first heap   total 51200K, used 22958K [0x000000008ac00000, 0x0000000100000000)
  region size 1024K, 3 young (3072K), 3 survivors (3072K)
 Metaspace       used 51622K, committed 52224K, reserved 1114112K
  class space    used 6933K, committed 7232K, reserved 1048576K
}
Event: 9.591 GC heap before
{Heap before GC invocations=12 (full 0):
 garbage-first heap   total 51200K, used 43438K [0x000000008ac00000, 0x0000000100000000)
  region size 1024K, 23 young (23552K), 3 survivors (3072K)
 Metaspace       used 56228K, committed 56896K, reserved 1114112K
  class space    used 7580K, committed 7872K, reserved 1048576K
}
Event: 9.594 GC heap after
{Heap after GC invocations=13 (full 0):
 garbage-first heap   total 51200K, used 24778K [0x000000008ac00000, 0x0000000100000000)
  region size 1024K, 3 young (3072K), 3 survivors (3072K)
 Metaspace       used 56228K, committed 56896K, reserved 1114112K
  class space    used 7580K, committed 7872K, reserved 1048576K
}

