# JRE version: OpenJDK Runtime Environment (21.0.2+13) (build 21.0.2+13-58)
# Java VM: OpenJDK 64-Bit Server VM (21.0.2+13-58, mixed mode, sharing, tiered, compressed oops, compressed class ptrs, g1 gc, windows-amd64)
GC Precious Log:
 CardTable entry size: 512
 Card Set container configuration: InlinePtr #cards 5 size 8 Array Of Cards #cards 12 size 40 Howl #buckets 4 coarsen threshold 1843 Howl Bitmap #cards 512 size 80 coarsen threshold 460 Card regions per heap region 1 cards per card region 2048
 CPUs: 8 total, 8 available
 Memory: 7502M
 Large Page Support: Disabled
 NUMA Support: Disabled
 Compressed Oops: Enabled (32-bit)
 Heap Region Size: 1M
 Heap Min Capacity: 8M
 Heap Initial Capacity: 118M
 Heap Max Capacity: 1876M
 Pre-touch: Disabled
 Parallel Workers: 8
 Concurrent Workers: 2
 Concurrent Refinement Workers: 8
 Periodic GC: Disabled
Heap:
 garbage-first heap   total 51200K, used 30135K [0x000000008ac00000, 0x0000000100000000)
  region size 1024K, 9 young (9216K), 3 survivors (3072K)
 Metaspace       used 57415K, committed 58048K, reserved 1114112K
  class space    used 7688K, committed 8000K, reserved 1048576K
GC Heap History (20 events):
Event: 1.689 GC heap before
{Heap before GC invocations=1 (full 0):
 garbage-first heap   total 120832K, used 36351K [0x000000008ac00000, 0x0000000100000000)
  region size 1024K, 33 young (33792K), 3 survivors (3072K)
 Metaspace       used 14065K, committed 14336K, reserved 1114112K
  class space    used 1657K, committed 1792K, reserved 1048576K
}
Event: 1.694 GC heap after
{Heap after GC invocations=2 (full 0):
 garbage-first heap   total 120832K, used 9860K [0x000000008ac00000, 0x0000000100000000)
  region size 1024K, 4 young (4096K), 4 survivors (4096K)
 Metaspace       used 14065K, committed 14336K, reserved 1114112K
  class space    used 1657K, committed 1792K, reserved 1048576K
}
Event: 2.792 GC heap before
{Heap before GC invocations=2 (full 0):
 garbage-first heap   total 120832K, used 53892K [0x000000008ac00000, 0x0000000100000000)
  region size 1024K, 49 young (50176K), 4 survivors (4096K)
 Metaspace       used 21241K, committed 21504K, reserved 1114112K
  class space    used 2555K, committed 2688K, reserved 1048576K
}
Event: 2.798 GC heap after
{Heap after GC invocations=3 (full 0):
 garbage-first heap   total 120832K, used 13570K [0x000000008ac00000, 0x0000000100000000)
  region size 1024K, 7 young (7168K), 7 survivors (7168K)
 Metaspace       used 21241K, committed 21504K, reserved 1114112K
  class space    used 2555K, committed 2688K, reserved 1048576K
}
Event: 3.474 GC heap before
{Heap before GC invocations=4 (full 0):
 garbage-first heap   total 51200K, used 37122K [0x000000008ac00000, 0x0000000100000000)
  region size 1024K, 30 young (30720K), 7 survivors (7168K)
 Metaspace       used 24864K, committed 25280K, reserved 1114112K
  class space    used 3090K, committed 3264K, reserved 1048576K
}
Event: 3.480 GC heap after
{Heap after GC invocations=5 (full 0):
 garbage-first heap   total 51200K, used 15999K [0x000000008ac00000, 0x0000000100000000)
  region size 1024K, 3 young (3072K), 3 survivors (3072K)
 Metaspace       used 24864K, committed 25280K, reserved 1114112K
  class space    used 3090K, committed 3264K, reserved 1048576K
}
Event: 4.047 GC heap before
{Heap before GC invocations=5 (full 0):
 garbage-first heap   total 51200K, used 37503K [0x000000008ac00000, 0x0000000100000000)
  region size 1024K, 25 young (25600K), 3 survivors (3072K)
 Metaspace       used 28888K, committed 29504K, reserved 1114112K
  class space    used 3610K, committed 3904K, reserved 1048576K
}
Event: 4.052 GC heap after
{Heap after GC invocations=6 (full 0):
 garbage-first heap   total 51200K, used 17712K [0x000000008ac00000, 0x0000000100000000)
  region size 1024K, 2 young (2048K), 2 survivors (2048K)
 Metaspace       used 28888K, committed 29504K, reserved 1114112K
  class space    used 3610K, committed 3904K, reserved 1048576K
}
Event: 4.636 GC heap before
{Heap before GC invocations=6 (full 0):
 garbage-first heap   total 51200K, used 40240K [0x000000008ac00000, 0x0000000100000000)
  region size 1024K, 24 young (24576K), 2 survivors (2048K)
 Metaspace       used 33405K, committed 33984K, reserved 1114112K
  class space    used 4261K, committed 4544K, reserved 1048576K
}
Event: 4.639 GC heap after
{Heap after GC invocations=7 (full 0):
 garbage-first heap   total 51200K, used 19156K [0x000000008ac00000, 0x0000000100000000)
  region size 1024K, 2 young (2048K), 2 survivors (2048K)
 Metaspace       used 33405K, committed 33984K, reserved 1114112K
  class space    used 4261K, committed 4544K, reserved 1048576K
}
Event: 4.792 GC heap before
{Heap before GC invocations=7 (full 0):
 garbage-first heap   total 51200K, used 27348K [0x000000008ac00000, 0x0000000100000000)
  region size 1024K, 11 young (11264K), 2 survivors (2048K)
 Metaspace       used 35434K, committed 35968K, reserved 1114112K
  class space    used 4597K, committed 4864K, reserved 1048576K
}
Event: 4.794 GC heap after
{Heap after GC invocations=8 (full 0):
 garbage-first heap   total 51200K, used 19380K [0x000000008ac00000, 0x0000000100000000)
  region size 1024K, 2 young (2048K), 2 survivors (2048K)
 Metaspace       used 35434K, committed 35968K, reserved 1114112K
  class space    used 4597K, committed 4864K, reserved 1048576K
}
Event: 5.580 GC heap before
{Heap before GC invocations=9 (full 0):
 garbage-first heap   total 51200K, used 42932K [0x000000008ac00000, 0x0000000100000000)
  region size 1024K, 25 young (25600K), 2 survivors (2048K)
 Metaspace       used 41988K, committed 42560K, reserved 1114112K
  class space    used 5504K, committed 5760K, reserved 1048576K
}
Event: 5.583 GC heap after
{Heap after GC invocations=10 (full 0):
 garbage-first heap   total 51200K, used 21013K [0x000000008ac00000, 0x0000000100000000)
  region size 1024K, 4 young (4096K), 4 survivors (4096K)
 Metaspace       used 41988K, committed 42560K, reserved 1114112K
  class space    used 5504K, committed 5760K, reserved 1048576K
}
Event: 6.072 GC heap before
{Heap before GC invocations=10 (full 0):
 garbage-first heap   total 51200K, used 41493K [0x000000008ac00000, 0x0000000100000000)
  region size 1024K, 25 young (25600K), 4 survivors (4096K)
 Metaspace       used 47451K, committed 48064K, reserved 1114112K
  class space    used 6289K, committed 6592K, reserved 1048576K
}
Event: 6.076 GC heap after
{Heap after GC invocations=11 (full 0):
 garbage-first heap   total 51200K, used 22279K [0x000000008ac00000, 0x0000000100000000)
  region size 1024K, 4 young (4096K), 4 survivors (4096K)
 Metaspace       used 47451K, committed 48064K, reserved 1114112K
  class space    used 6289K, committed 6592K, reserved 1048576K
}
Event: 6.511 GC heap before
{Heap before GC invocations=11 (full 0):
 garbage-first heap   total 51200K, used 42759K [0x000000008ac00000, 0x0000000100000000)
  region size 1024K, 24 young (24576K), 4 survivors (4096K)
 Metaspace       used 51550K, committed 52224K, reserved 1114112K
  class space    used 6927K, committed 7232K, reserved 1048576K
}
Event: 6.515 GC heap after
{Heap after GC invocations=12 (full 0):
 garbage-first heap   total 51200K, used 23078K [0x000000008ac00000, 0x0000000100000000)
  region size 1024K, 3 young (3072K), 3 survivors (3072K)
 Metaspace       used 51550K, committed 52224K, reserved 1114112K
  class space    used 6927K, committed 7232K, reserved 1048576K
}
Event: 7.030 GC heap before
{Heap before GC invocations=12 (full 0):
 garbage-first heap   total 51200K, used 42534K [0x000000008ac00000, 0x0000000100000000)
  region size 1024K, 23 young (23552K), 3 survivors (3072K)
 Metaspace       used 56154K, committed 56832K, reserved 1114112K
  class space    used 7570K, committed 7872K, reserved 1048576K
}
Event: 7.033 GC heap after
{Heap after GC invocations=13 (full 0):
 garbage-first heap   total 51200K, used 25015K [0x000000008ac00000, 0x0000000100000000)
  region size 1024K, 3 young (3072K), 3 survivors (3072K)
 Metaspace       used 56154K, committed 56832K, reserved 1114112K
  class space    used 7570K, committed 7872K, reserved 1048576K
}

