# JRE version: OpenJDK Runtime Environment (21.0.2+13) (build 21.0.2+13-58)
# Java VM: OpenJDK 64-Bit Server VM (21.0.2+13-58, mixed mode, sharing, tiered, compressed oops, compressed class ptrs, g1 gc, windows-amd64)
GC Precious Log:
 CardTable entry size: 512
 Card Set container configuration: InlinePtr #cards 5 size 8 Array Of Cards #cards 12 size 40 Howl #buckets 4 coarsen threshold 1843 Howl Bitmap #cards 512 size 80 coarsen threshold 460 Card regions per heap region 1 cards per card region 2048
 CPUs: 8 total, 8 available
 Memory: 7502M
 Large Page Support: Disabled
 NUMA Support: Disabled
 Compressed Oops: Enabled (32-bit)
 Heap Region Size: 1M
 Heap Min Capacity: 8M
 Heap Initial Capacity: 118M
 Heap Max Capacity: 1876M
 Pre-touch: Disabled
 Parallel Workers: 8
 Concurrent Workers: 2
 Concurrent Refinement Workers: 8
 Periodic GC: Disabled
Heap:
 garbage-first heap   total 51200K, used 34149K [0x000000008ac00000, 0x0000000100000000)
  region size 1024K, 8 young (8192K), 2 survivors (2048K)
 Metaspace       used 64768K, committed 65472K, reserved 1114112K
  class space    used 8766K, committed 9088K, reserved 1048576K
GC Heap History (20 events):
Event: 4.519 GC heap before
{Heap before GC invocations=5 (full 0):
 garbage-first heap   total 51200K, used 38805K [0x000000008ac00000, 0x0000000100000000)
  region size 1024K, 25 young (25600K), 3 survivors (3072K)
 Metaspace       used 28941K, committed 29568K, reserved 1114112K
  class space    used 3617K, committed 3904K, reserved 1048576K
}
Event: 4.525 GC heap after
{Heap after GC invocations=6 (full 0):
 garbage-first heap   total 51200K, used 18211K [0x000000008ac00000, 0x0000000100000000)
  region size 1024K, 3 young (3072K), 3 survivors (3072K)
 Metaspace       used 28941K, committed 29568K, reserved 1114112K
  class space    used 3617K, committed 3904K, reserved 1048576K
}
Event: 5.157 GC heap before
{Heap before GC invocations=6 (full 0):
 garbage-first heap   total 51200K, used 39715K [0x000000008ac00000, 0x0000000100000000)
  region size 1024K, 25 young (25600K), 3 survivors (3072K)
 Metaspace       used 33474K, committed 34048K, reserved 1114112K
  class space    used 4268K, committed 4544K, reserved 1048576K
}
Event: 5.160 GC heap after
{Heap after GC invocations=7 (full 0):
 garbage-first heap   total 51200K, used 19302K [0x000000008ac00000, 0x0000000100000000)
  region size 1024K, 4 young (4096K), 4 survivors (4096K)
 Metaspace       used 33474K, committed 34048K, reserved 1114112K
  class space    used 4268K, committed 4544K, reserved 1048576K
}
Event: 5.368 GC heap before
{Heap before GC invocations=7 (full 0):
 garbage-first heap   total 51200K, used 26470K [0x000000008ac00000, 0x0000000100000000)
  region size 1024K, 12 young (12288K), 4 survivors (4096K)
 Metaspace       used 35439K, committed 35968K, reserved 1114112K
  class space    used 4592K, committed 4864K, reserved 1048576K
}
Event: 5.371 GC heap after
{Heap after GC invocations=8 (full 0):
 garbage-first heap   total 51200K, used 19651K [0x000000008ac00000, 0x0000000100000000)
  region size 1024K, 2 young (2048K), 2 survivors (2048K)
 Metaspace       used 35439K, committed 35968K, reserved 1114112K
  class space    used 4592K, committed 4864K, reserved 1048576K
}
Event: 6.273 GC heap before
{Heap before GC invocations=9 (full 0):
 garbage-first heap   total 51200K, used 43203K [0x000000008ac00000, 0x0000000100000000)
  region size 1024K, 25 young (25600K), 2 survivors (2048K)
 Metaspace       used 41933K, committed 42496K, reserved 1114112K
  class space    used 5494K, committed 5760K, reserved 1048576K
}
Event: 6.276 GC heap after
{Heap after GC invocations=10 (full 0):
 garbage-first heap   total 51200K, used 21174K [0x000000008ac00000, 0x0000000100000000)
  region size 1024K, 4 young (4096K), 4 survivors (4096K)
 Metaspace       used 41933K, committed 42496K, reserved 1114112K
  class space    used 5494K, committed 5760K, reserved 1048576K
}
Event: 6.897 GC heap before
{Heap before GC invocations=10 (full 0):
 garbage-first heap   total 51200K, used 41654K [0x000000008ac00000, 0x0000000100000000)
  region size 1024K, 25 young (25600K), 4 survivors (4096K)
 Metaspace       used 47231K, committed 47872K, reserved 1114112K
  class space    used 6219K, committed 6528K, reserved 1048576K
}
Event: 6.901 GC heap after
{Heap after GC invocations=11 (full 0):
 garbage-first heap   total 51200K, used 22369K [0x000000008ac00000, 0x0000000100000000)
  region size 1024K, 4 young (4096K), 4 survivors (4096K)
 Metaspace       used 47231K, committed 47872K, reserved 1114112K
  class space    used 6219K, committed 6528K, reserved 1048576K
}
Event: 7.469 GC heap before
{Heap before GC invocations=11 (full 0):
 garbage-first heap   total 51200K, used 41825K [0x000000008ac00000, 0x0000000100000000)
  region size 1024K, 24 young (24576K), 4 survivors (4096K)
 Metaspace       used 51592K, committed 52224K, reserved 1114112K
  class space    used 6925K, committed 7232K, reserved 1048576K
}
Event: 7.472 GC heap after
{Heap after GC invocations=12 (full 0):
 garbage-first heap   total 51200K, used 23064K [0x000000008ac00000, 0x0000000100000000)
  region size 1024K, 3 young (3072K), 3 survivors (3072K)
 Metaspace       used 51592K, committed 52224K, reserved 1114112K
  class space    used 6925K, committed 7232K, reserved 1048576K
}
Event: 8.158 GC heap before
{Heap before GC invocations=12 (full 0):
 garbage-first heap   total 51200K, used 42520K [0x000000008ac00000, 0x0000000100000000)
  region size 1024K, 23 young (23552K), 3 survivors (3072K)
 Metaspace       used 56191K, committed 56896K, reserved 1114112K
  class space    used 7570K, committed 7872K, reserved 1048576K
}
Event: 8.161 GC heap after
{Heap after GC invocations=13 (full 0):
 garbage-first heap   total 51200K, used 24757K [0x000000008ac00000, 0x0000000100000000)
  region size 1024K, 3 young (3072K), 3 survivors (3072K)
 Metaspace       used 56191K, committed 56896K, reserved 1114112K
  class space    used 7570K, committed 7872K, reserved 1048576K
}
Event: 8.603 GC heap before
{Heap before GC invocations=13 (full 0):
 garbage-first heap   total 51200K, used 39093K [0x000000008ac00000, 0x0000000100000000)
  region size 1024K, 19 young (19456K), 3 survivors (3072K)
 Metaspace       used 59460K, committed 60096K, reserved 1114112K
  class space    used 8007K, committed 8320K, reserved 1048576K
}
Event: 8.607 GC heap after
{Heap after GC invocations=14 (full 0):
 garbage-first heap   total 51200K, used 26443K [0x000000008ac00000, 0x0000000100000000)
  region size 1024K, 2 young (2048K), 2 survivors (2048K)
 Metaspace       used 59460K, committed 60096K, reserved 1114112K
  class space    used 8007K, committed 8320K, reserved 1048576K
}
Event: 9.151 GC heap before
{Heap before GC invocations=15 (full 0):
 garbage-first heap   total 51200K, used 45899K [0x000000008ac00000, 0x0000000100000000)
  region size 1024K, 21 young (21504K), 2 survivors (2048K)
 Metaspace       used 61135K, committed 61824K, reserved 1114112K
  class space    used 8276K, committed 8576K, reserved 1048576K
}
Event: 9.155 GC heap after
{Heap after GC invocations=16 (full 0):
 garbage-first heap   total 51200K, used 28735K [0x000000008ac00000, 0x0000000100000000)
  region size 1024K, 3 young (3072K), 3 survivors (3072K)
 Metaspace       used 61135K, committed 61824K, reserved 1114112K
  class space    used 8276K, committed 8576K, reserved 1048576K
}
Event: 13.242 GC heap before
{Heap before GC invocations=16 (full 0):
 garbage-first heap   total 51200K, used 44095K [0x000000008ac00000, 0x0000000100000000)
  region size 1024K, 18 young (18432K), 3 survivors (3072K)
 Metaspace       used 63226K, committed 63936K, reserved 1114112K
  class space    used 8559K, committed 8896K, reserved 1048576K
}
Event: 13.246 GC heap after
{Heap after GC invocations=17 (full 0):
 garbage-first heap   total 51200K, used 30053K [0x000000008ac00000, 0x0000000100000000)
  region size 1024K, 2 young (2048K), 2 survivors (2048K)
 Metaspace       used 63226K, committed 63936K, reserved 1114112K
  class space    used 8559K, committed 8896K, reserved 1048576K
}

