# JRE version: OpenJDK Runtime Environment (21.0.2+13) (build 21.0.2+13-58)
# Java VM: OpenJDK 64-Bit Server VM (21.0.2+13-58, mixed mode, sharing, tiered, compressed oops, compressed class ptrs, g1 gc, windows-amd64)
GC Precious Log:
 CardTable entry size: 512
 Card Set container configuration: InlinePtr #cards 5 size 8 Array Of Cards #cards 12 size 40 Howl #buckets 4 coarsen threshold 1843 Howl Bitmap #cards 512 size 80 coarsen threshold 460 Card regions per heap region 1 cards per card region 2048
 CPUs: 8 total, 8 available
 Memory: 7502M
 Large Page Support: Disabled
 NUMA Support: Disabled
 Compressed Oops: Enabled (32-bit)
 Heap Region Size: 1M
 Heap Min Capacity: 8M
 Heap Initial Capacity: 118M
 Heap Max Capacity: 1876M
 Pre-touch: Disabled
 Parallel Workers: 8
 Concurrent Workers: 2
 Concurrent Refinement Workers: 8
 Periodic GC: Disabled
Heap:
 garbage-first heap   total 51200K, used 26581K [0x000000008ac00000, 0x0000000100000000)
  region size 1024K, 7 young (7168K), 3 survivors (3072K)
 Metaspace       used 57756K, committed 58432K, reserved 1114112K
  class space    used 7750K, committed 8064K, reserved 1048576K
GC Heap History (20 events):
Event: 1.569 GC heap before
{Heap before GC invocations=1 (full 0):
 garbage-first heap   total 120832K, used 36351K [0x000000008ac00000, 0x0000000100000000)
  region size 1024K, 33 young (33792K), 3 survivors (3072K)
 Metaspace       used 14177K, committed 14464K, reserved 1114112K
  class space    used 1671K, committed 1792K, reserved 1048576K
}
Event: 1.575 GC heap after
{Heap after GC invocations=2 (full 0):
 garbage-first heap   total 120832K, used 9820K [0x000000008ac00000, 0x0000000100000000)
  region size 1024K, 4 young (4096K), 4 survivors (4096K)
 Metaspace       used 14177K, committed 14464K, reserved 1114112K
  class space    used 1671K, committed 1792K, reserved 1048576K
}
Event: 2.679 GC heap before
{Heap before GC invocations=2 (full 0):
 garbage-first heap   total 120832K, used 52828K [0x000000008ac00000, 0x0000000100000000)
  region size 1024K, 48 young (49152K), 4 survivors (4096K)
 Metaspace       used 21263K, committed 21504K, reserved 1114112K
  class space    used 2556K, committed 2688K, reserved 1048576K
}
Event: 2.685 GC heap after
{Heap after GC invocations=3 (full 0):
 garbage-first heap   total 120832K, used 13676K [0x000000008ac00000, 0x0000000100000000)
  region size 1024K, 7 young (7168K), 7 survivors (7168K)
 Metaspace       used 21263K, committed 21504K, reserved 1114112K
  class space    used 2556K, committed 2688K, reserved 1048576K
}
Event: 3.390 GC heap before
{Heap before GC invocations=4 (full 0):
 garbage-first heap   total 51200K, used 37228K [0x000000008ac00000, 0x0000000100000000)
  region size 1024K, 30 young (30720K), 7 survivors (7168K)
 Metaspace       used 24981K, committed 25408K, reserved 1114112K
  class space    used 3108K, committed 3264K, reserved 1048576K
}
Event: 3.396 GC heap after
{Heap after GC invocations=5 (full 0):
 garbage-first heap   total 51200K, used 15839K [0x000000008ac00000, 0x0000000100000000)
  region size 1024K, 3 young (3072K), 3 survivors (3072K)
 Metaspace       used 24981K, committed 25408K, reserved 1114112K
  class space    used 3108K, committed 3264K, reserved 1048576K
}
Event: 3.989 GC heap before
{Heap before GC invocations=5 (full 0):
 garbage-first heap   total 51200K, used 38367K [0x000000008ac00000, 0x0000000100000000)
  region size 1024K, 25 young (25600K), 3 survivors (3072K)
 Metaspace       used 28955K, committed 29568K, reserved 1114112K
  class space    used 3623K, committed 3904K, reserved 1048576K
}
Event: 3.994 GC heap after
{Heap after GC invocations=6 (full 0):
 garbage-first heap   total 51200K, used 17397K [0x000000008ac00000, 0x0000000100000000)
  region size 1024K, 3 young (3072K), 3 survivors (3072K)
 Metaspace       used 28955K, committed 29568K, reserved 1114112K
  class space    used 3623K, committed 3904K, reserved 1048576K
}
Event: 4.594 GC heap before
{Heap before GC invocations=6 (full 0):
 garbage-first heap   total 51200K, used 38901K [0x000000008ac00000, 0x0000000100000000)
  region size 1024K, 25 young (25600K), 3 survivors (3072K)
 Metaspace       used 33641K, committed 34176K, reserved 1114112K
  class space    used 4296K, committed 4544K, reserved 1048576K
}
Event: 4.597 GC heap after
{Heap after GC invocations=7 (full 0):
 garbage-first heap   total 51200K, used 18588K [0x000000008ac00000, 0x0000000100000000)
  region size 1024K, 4 young (4096K), 4 survivors (4096K)
 Metaspace       used 33641K, committed 34176K, reserved 1114112K
  class space    used 4296K, committed 4544K, reserved 1048576K
}
Event: 4.743 GC heap before
{Heap before GC invocations=7 (full 0):
 garbage-first heap   total 51200K, used 25756K [0x000000008ac00000, 0x0000000100000000)
  region size 1024K, 12 young (12288K), 4 survivors (4096K)
 Metaspace       used 35444K, committed 35968K, reserved 1114112K
  class space    used 4597K, committed 4864K, reserved 1048576K
}
Event: 4.746 GC heap after
{Heap after GC invocations=8 (full 0):
 garbage-first heap   total 51200K, used 18992K [0x000000008ac00000, 0x0000000100000000)
  region size 1024K, 2 young (2048K), 2 survivors (2048K)
 Metaspace       used 35444K, committed 35968K, reserved 1114112K
  class space    used 4597K, committed 4864K, reserved 1048576K
}
Event: 5.438 GC heap before
{Heap before GC invocations=9 (full 0):
 garbage-first heap   total 51200K, used 43568K [0x000000008ac00000, 0x0000000100000000)
  region size 1024K, 26 young (26624K), 2 survivors (2048K)
 Metaspace       used 42287K, committed 42880K, reserved 1114112K
  class space    used 5542K, committed 5760K, reserved 1048576K
}
Event: 5.440 GC heap after
{Heap after GC invocations=10 (full 0):
 garbage-first heap   total 51200K, used 20597K [0x000000008ac00000, 0x0000000100000000)
  region size 1024K, 4 young (4096K), 4 survivors (4096K)
 Metaspace       used 42287K, committed 42880K, reserved 1114112K
  class space    used 5542K, committed 5760K, reserved 1048576K
}
Event: 5.935 GC heap before
{Heap before GC invocations=10 (full 0):
 garbage-first heap   total 51200K, used 42101K [0x000000008ac00000, 0x0000000100000000)
  region size 1024K, 26 young (26624K), 4 survivors (4096K)
 Metaspace       used 48421K, committed 49024K, reserved 1114112K
  class space    used 6384K, committed 6656K, reserved 1048576K
}
Event: 5.938 GC heap after
{Heap after GC invocations=11 (full 0):
 garbage-first heap   total 51200K, used 21614K [0x000000008ac00000, 0x0000000100000000)
  region size 1024K, 4 young (4096K), 4 survivors (4096K)
 Metaspace       used 48421K, committed 49024K, reserved 1114112K
  class space    used 6384K, committed 6656K, reserved 1048576K
}
Event: 6.322 GC heap before
{Heap before GC invocations=11 (full 0):
 garbage-first heap   total 51200K, used 43118K [0x000000008ac00000, 0x0000000100000000)
  region size 1024K, 25 young (25600K), 4 survivors (4096K)
 Metaspace       used 52196K, committed 52800K, reserved 1114112K
  class space    used 7010K, committed 7296K, reserved 1048576K
}
Event: 6.325 GC heap after
{Heap after GC invocations=12 (full 0):
 garbage-first heap   total 51200K, used 22396K [0x000000008ac00000, 0x0000000100000000)
  region size 1024K, 3 young (3072K), 3 survivors (3072K)
 Metaspace       used 52196K, committed 52800K, reserved 1114112K
  class space    used 7010K, committed 7296K, reserved 1048576K
}
Event: 6.881 GC heap before
{Heap before GC invocations=12 (full 0):
 garbage-first heap   total 51200K, used 42876K [0x000000008ac00000, 0x0000000100000000)
  region size 1024K, 24 young (24576K), 3 survivors (3072K)
 Metaspace       used 56916K, committed 57600K, reserved 1114112K
  class space    used 7662K, committed 8000K, reserved 1048576K
}
Event: 6.884 GC heap after
{Heap after GC invocations=13 (full 0):
 garbage-first heap   total 51200K, used 24533K [0x000000008ac00000, 0x0000000100000000)
  region size 1024K, 3 young (3072K), 3 survivors (3072K)
 Metaspace       used 56916K, committed 57600K, reserved 1114112K
  class space    used 7662K, committed 8000K, reserved 1048576K
}

