# JRE version: OpenJDK Runtime Environment (21.0.2+13) (build 21.0.2+13-58)
# Java VM: OpenJDK 64-Bit Server VM (21.0.2+13-58, mixed mode, sharing, tiered, compressed oops, compressed class ptrs, g1 gc, windows-amd64)
GC Precious Log:
 CardTable entry size: 512
 Card Set container configuration: InlinePtr #cards 5 size 8 Array Of Cards #cards 12 size 40 Howl #buckets 4 coarsen threshold 1843 Howl Bitmap #cards 512 size 80 coarsen threshold 460 Card regions per heap region 1 cards per card region 2048
 CPUs: 8 total, 8 available
 Memory: 7502M
 Large Page Support: Disabled
 NUMA Support: Disabled
 Compressed Oops: Enabled (32-bit)
 Heap Region Size: 1M
 Heap Min Capacity: 8M
 Heap Initial Capacity: 118M
 Heap Max Capacity: 1876M
 Pre-touch: Disabled
 Parallel Workers: 8
 Concurrent Workers: 2
 Concurrent Refinement Workers: 8
 Periodic GC: Disabled
Heap:
 garbage-first heap   total 51200K, used 38111K [0x000000008ac00000, 0x0000000100000000)
  region size 1024K, 12 young (12288K), 2 survivors (2048K)
 Metaspace       used 65594K, committed 66368K, reserved 1114112K
  class space    used 8870K, committed 9216K, reserved 1048576K
GC Heap History (20 events):
Event: 6.931 GC heap before
{Heap before GC invocations=5 (full 0):
 garbage-first heap   total 51200K, used 38652K [0x000000008ac00000, 0x0000000100000000)
  region size 1024K, 26 young (26624K), 3 survivors (3072K)
 Metaspace       used 29037K, committed 29632K, reserved 1114112K
  class space    used 3630K, committed 3904K, reserved 1048576K
}
Event: 6.937 GC heap after
{Heap after GC invocations=6 (full 0):
 garbage-first heap   total 51200K, used 18100K [0x000000008ac00000, 0x0000000100000000)
  region size 1024K, 3 young (3072K), 3 survivors (3072K)
 Metaspace       used 29037K, committed 29632K, reserved 1114112K
  class space    used 3630K, committed 3904K, reserved 1048576K
}
Event: 8.303 GC heap before
{Heap before GC invocations=6 (full 0):
 garbage-first heap   total 51200K, used 39604K [0x000000008ac00000, 0x0000000100000000)
  region size 1024K, 24 young (24576K), 3 survivors (3072K)
 Metaspace       used 33415K, committed 33920K, reserved 1114112K
  class space    used 4254K, committed 4480K, reserved 1048576K
}
Event: 8.307 GC heap after
{Heap after GC invocations=7 (full 0):
 garbage-first heap   total 51200K, used 19334K [0x000000008ac00000, 0x0000000100000000)
  region size 1024K, 2 young (2048K), 2 survivors (2048K)
 Metaspace       used 33415K, committed 33920K, reserved 1114112K
  class space    used 4254K, committed 4480K, reserved 1048576K
}
Event: 8.819 GC heap before
{Heap before GC invocations=7 (full 0):
 garbage-first heap   total 51200K, used 27526K [0x000000008ac00000, 0x0000000100000000)
  region size 1024K, 11 young (11264K), 2 survivors (2048K)
 Metaspace       used 35610K, committed 36096K, reserved 1114112K
  class space    used 4629K, committed 4864K, reserved 1048576K
}
Event: 8.821 GC heap after
{Heap after GC invocations=8 (full 0):
 garbage-first heap   total 51200K, used 19569K [0x000000008ac00000, 0x0000000100000000)
  region size 1024K, 2 young (2048K), 2 survivors (2048K)
 Metaspace       used 35610K, committed 36096K, reserved 1114112K
  class space    used 4629K, committed 4864K, reserved 1048576K
}
Event: 10.334 GC heap before
{Heap before GC invocations=9 (full 0):
 garbage-first heap   total 51200K, used 43121K [0x000000008ac00000, 0x0000000100000000)
  region size 1024K, 25 young (25600K), 2 survivors (2048K)
 Metaspace       used 42045K, committed 42624K, reserved 1114112K
  class space    used 5513K, committed 5760K, reserved 1048576K
}
Event: 10.337 GC heap after
{Heap after GC invocations=10 (full 0):
 garbage-first heap   total 51200K, used 21210K [0x000000008ac00000, 0x0000000100000000)
  region size 1024K, 4 young (4096K), 4 survivors (4096K)
 Metaspace       used 42045K, committed 42624K, reserved 1114112K
  class space    used 5513K, committed 5760K, reserved 1048576K
}
Event: 11.256 GC heap before
{Heap before GC invocations=10 (full 0):
 garbage-first heap   total 51200K, used 41690K [0x000000008ac00000, 0x0000000100000000)
  region size 1024K, 25 young (25600K), 4 survivors (4096K)
 Metaspace       used 47467K, committed 48128K, reserved 1114112K
  class space    used 6294K, committed 6592K, reserved 1048576K
}
Event: 11.261 GC heap after
{Heap after GC invocations=11 (full 0):
 garbage-first heap   total 51200K, used 22227K [0x000000008ac00000, 0x0000000100000000)
  region size 1024K, 4 young (4096K), 4 survivors (4096K)
 Metaspace       used 47467K, committed 48128K, reserved 1114112K
  class space    used 6294K, committed 6592K, reserved 1048576K
}
Event: 12.076 GC heap before
{Heap before GC invocations=11 (full 0):
 garbage-first heap   total 51200K, used 41683K [0x000000008ac00000, 0x0000000100000000)
  region size 1024K, 24 young (24576K), 4 survivors (4096K)
 Metaspace       used 51618K, committed 52288K, reserved 1114112K
  class space    used 6932K, committed 7232K, reserved 1048576K
}
Event: 12.079 GC heap after
{Heap after GC invocations=12 (full 0):
 garbage-first heap   total 51200K, used 23060K [0x000000008ac00000, 0x0000000100000000)
  region size 1024K, 3 young (3072K), 3 survivors (3072K)
 Metaspace       used 51618K, committed 52288K, reserved 1114112K
  class space    used 6932K, committed 7232K, reserved 1048576K
}
Event: 13.168 GC heap before
{Heap before GC invocations=12 (full 0):
 garbage-first heap   total 51200K, used 43540K [0x000000008ac00000, 0x0000000100000000)
  region size 1024K, 23 young (23552K), 3 survivors (3072K)
 Metaspace       used 56251K, committed 56960K, reserved 1114112K
  class space    used 7582K, committed 7872K, reserved 1048576K
}
Event: 13.172 GC heap after
{Heap after GC invocations=13 (full 0):
 garbage-first heap   total 51200K, used 24879K [0x000000008ac00000, 0x0000000100000000)
  region size 1024K, 3 young (3072K), 3 survivors (3072K)
 Metaspace       used 56251K, committed 56960K, reserved 1114112K
  class space    used 7582K, committed 7872K, reserved 1048576K
}
Event: 13.942 GC heap before
{Heap before GC invocations=13 (full 0):
 garbage-first heap   total 51200K, used 41263K [0x000000008ac00000, 0x0000000100000000)
  region size 1024K, 20 young (20480K), 3 survivors (3072K)
 Metaspace       used 59675K, committed 60288K, reserved 1114112K
  class space    used 8047K, committed 8320K, reserved 1048576K
}
Event: 13.946 GC heap after
{Heap after GC invocations=14 (full 0):
 garbage-first heap   total 51200K, used 26401K [0x000000008ac00000, 0x0000000100000000)
  region size 1024K, 2 young (2048K), 2 survivors (2048K)
 Metaspace       used 59675K, committed 60288K, reserved 1114112K
  class space    used 8047K, committed 8320K, reserved 1048576K
}
Event: 14.818 GC heap before
{Heap before GC invocations=15 (full 0):
 garbage-first heap   total 51200K, used 45857K [0x000000008ac00000, 0x0000000100000000)
  region size 1024K, 21 young (21504K), 2 survivors (2048K)
 Metaspace       used 61149K, committed 61824K, reserved 1114112K
  class space    used 8266K, committed 8576K, reserved 1048576K
}
Event: 14.821 GC heap after
{Heap after GC invocations=16 (full 0):
 garbage-first heap   total 51200K, used 28657K [0x000000008ac00000, 0x0000000100000000)
  region size 1024K, 3 young (3072K), 3 survivors (3072K)
 Metaspace       used 61149K, committed 61824K, reserved 1114112K
  class space    used 8266K, committed 8576K, reserved 1048576K
}
Event: 15.480 GC heap before
{Heap before GC invocations=16 (full 0):
 garbage-first heap   total 51200K, used 44017K [0x000000008ac00000, 0x0000000100000000)
  region size 1024K, 18 young (18432K), 3 survivors (3072K)
 Metaspace       used 63084K, committed 63872K, reserved 1114112K
  class space    used 8523K, committed 8896K, reserved 1048576K
}
Event: 15.485 GC heap after
{Heap after GC invocations=17 (full 0):
 garbage-first heap   total 51200K, used 29919K [0x000000008ac00000, 0x0000000100000000)
  region size 1024K, 2 young (2048K), 2 survivors (2048K)
 Metaspace       used 63084K, committed 63872K, reserved 1114112K
  class space    used 8523K, committed 8896K, reserved 1048576K
}

