# JRE version: OpenJDK Runtime Environment (21.0.2+13) (build 21.0.2+13-58)
# Java VM: OpenJDK 64-Bit Server VM (21.0.2+13-58, mixed mode, sharing, tiered, compressed oops, compressed class ptrs, g1 gc, windows-amd64)
GC Precious Log:
 CardTable entry size: 512
 Card Set container configuration: InlinePtr #cards 5 size 8 Array Of Cards #cards 12 size 40 Howl #buckets 4 coarsen threshold 1843 Howl Bitmap #cards 512 size 80 coarsen threshold 460 Card regions per heap region 1 cards per card region 2048
 CPUs: 8 total, 8 available
 Memory: 7502M
 Large Page Support: Disabled
 NUMA Support: Disabled
 Compressed Oops: Enabled (32-bit)
 Heap Region Size: 1M
 Heap Min Capacity: 8M
 Heap Initial Capacity: 118M
 Heap Max Capacity: 1876M
 Pre-touch: Disabled
 Parallel Workers: 8
 Concurrent Workers: 2
 Concurrent Refinement Workers: 8
 Periodic GC: Disabled
Heap:
 garbage-first heap   total 51200K, used 31340K [0x000000008ac00000, 0x0000000100000000)
  region size 1024K, 4 young (4096K), 2 survivors (2048K)
 Metaspace       used 63166K, committed 63936K, reserved 1114112K
  class space    used 8548K, committed 8896K, reserved 1048576K
GC Heap History (20 events):
Event: 5.063 GC heap before
{Heap before GC invocations=5 (full 0):
 garbage-first heap   total 51200K, used 37497K [0x000000008ac00000, 0x0000000100000000)
  region size 1024K, 25 young (25600K), 3 survivors (3072K)
 Metaspace       used 28935K, committed 29440K, reserved 1114112K
  class space    used 3614K, committed 3840K, reserved 1048576K
}
Event: 5.068 GC heap after
{Heap after GC invocations=6 (full 0):
 garbage-first heap   total 51200K, used 17698K [0x000000008ac00000, 0x0000000100000000)
  region size 1024K, 2 young (2048K), 2 survivors (2048K)
 Metaspace       used 28935K, committed 29440K, reserved 1114112K
  class space    used 3614K, committed 3840K, reserved 1048576K
}
Event: 5.769 GC heap before
{Heap before GC invocations=6 (full 0):
 garbage-first heap   total 51200K, used 39202K [0x000000008ac00000, 0x0000000100000000)
  region size 1024K, 24 young (24576K), 2 survivors (2048K)
 Metaspace       used 33524K, committed 34112K, reserved 1114112K
  class space    used 4279K, committed 4544K, reserved 1048576K
}
Event: 5.772 GC heap after
{Heap after GC invocations=7 (full 0):
 garbage-first heap   total 51200K, used 19168K [0x000000008ac00000, 0x0000000100000000)
  region size 1024K, 2 young (2048K), 2 survivors (2048K)
 Metaspace       used 33524K, committed 34112K, reserved 1114112K
  class space    used 4279K, committed 4544K, reserved 1048576K
}
Event: 6.018 GC heap before
{Heap before GC invocations=7 (full 0):
 garbage-first heap   total 51200K, used 26336K [0x000000008ac00000, 0x0000000100000000)
  region size 1024K, 11 young (11264K), 2 survivors (2048K)
 Metaspace       used 35580K, committed 36096K, reserved 1114112K
  class space    used 4623K, committed 4864K, reserved 1048576K
}
Event: 6.019 GC heap after
{Heap after GC invocations=8 (full 0):
 garbage-first heap   total 51200K, used 19458K [0x000000008ac00000, 0x0000000100000000)
  region size 1024K, 2 young (2048K), 2 survivors (2048K)
 Metaspace       used 35580K, committed 36096K, reserved 1114112K
  class space    used 4623K, committed 4864K, reserved 1048576K
}
Event: 7.008 GC heap before
{Heap before GC invocations=9 (full 0):
 garbage-first heap   total 51200K, used 43010K [0x000000008ac00000, 0x0000000100000000)
  region size 1024K, 25 young (25600K), 2 survivors (2048K)
 Metaspace       used 42074K, committed 42624K, reserved 1114112K
  class space    used 5520K, committed 5760K, reserved 1048576K
}
Event: 7.012 GC heap after
{Heap after GC invocations=10 (full 0):
 garbage-first heap   total 51200K, used 20973K [0x000000008ac00000, 0x0000000100000000)
  region size 1024K, 4 young (4096K), 4 survivors (4096K)
 Metaspace       used 42074K, committed 42624K, reserved 1114112K
  class space    used 5520K, committed 5760K, reserved 1048576K
}
Event: 7.502 GC heap before
{Heap before GC invocations=10 (full 0):
 garbage-first heap   total 51200K, used 41453K [0x000000008ac00000, 0x0000000100000000)
  region size 1024K, 25 young (25600K), 4 survivors (4096K)
 Metaspace       used 47622K, committed 48256K, reserved 1114112K
  class space    used 6304K, committed 6592K, reserved 1048576K
}
Event: 7.506 GC heap after
{Heap after GC invocations=11 (full 0):
 garbage-first heap   total 51200K, used 22248K [0x000000008ac00000, 0x0000000100000000)
  region size 1024K, 4 young (4096K), 4 survivors (4096K)
 Metaspace       used 47622K, committed 48256K, reserved 1114112K
  class space    used 6304K, committed 6592K, reserved 1048576K
}
Event: 7.965 GC heap before
{Heap before GC invocations=11 (full 0):
 garbage-first heap   total 51200K, used 42728K [0x000000008ac00000, 0x0000000100000000)
  region size 1024K, 24 young (24576K), 4 survivors (4096K)
 Metaspace       used 51603K, committed 52224K, reserved 1114112K
  class space    used 6933K, committed 7232K, reserved 1048576K
}
Event: 7.968 GC heap after
{Heap after GC invocations=12 (full 0):
 garbage-first heap   total 51200K, used 23331K [0x000000008ac00000, 0x0000000100000000)
  region size 1024K, 3 young (3072K), 3 survivors (3072K)
 Metaspace       used 51603K, committed 52224K, reserved 1114112K
  class space    used 6933K, committed 7232K, reserved 1048576K
}
Event: 8.533 GC heap before
{Heap before GC invocations=12 (full 0):
 garbage-first heap   total 51200K, used 43811K [0x000000008ac00000, 0x0000000100000000)
  region size 1024K, 23 young (23552K), 3 survivors (3072K)
 Metaspace       used 56213K, committed 56896K, reserved 1114112K
  class space    used 7582K, committed 7872K, reserved 1048576K
}
Event: 8.537 GC heap after
{Heap after GC invocations=13 (full 0):
 garbage-first heap   total 51200K, used 25099K [0x000000008ac00000, 0x0000000100000000)
  region size 1024K, 3 young (3072K), 3 survivors (3072K)
 Metaspace       used 56213K, committed 56896K, reserved 1114112K
  class space    used 7582K, committed 7872K, reserved 1048576K
}
Event: 9.187 GC heap before
{Heap before GC invocations=13 (full 0):
 garbage-first heap   total 51200K, used 41483K [0x000000008ac00000, 0x0000000100000000)
  region size 1024K, 21 young (21504K), 3 survivors (3072K)
 Metaspace       used 59766K, committed 60416K, reserved 1114112K
  class space    used 8056K, committed 8384K, reserved 1048576K
}
Event: 9.190 GC heap after
{Heap after GC invocations=14 (full 0):
 garbage-first heap   total 51200K, used 26747K [0x000000008ac00000, 0x0000000100000000)
  region size 1024K, 3 young (3072K), 3 survivors (3072K)
 Metaspace       used 59766K, committed 60416K, reserved 1114112K
  class space    used 8056K, committed 8384K, reserved 1048576K
}
Event: 9.663 GC heap before
{Heap before GC invocations=15 (full 0):
 garbage-first heap   total 51200K, used 43131K [0x000000008ac00000, 0x0000000100000000)
  region size 1024K, 19 young (19456K), 3 survivors (3072K)
 Metaspace       used 61084K, committed 61824K, reserved 1114112K
  class space    used 8260K, committed 8576K, reserved 1048576K
}
Event: 9.666 GC heap after
{Heap after GC invocations=16 (full 0):
 garbage-first heap   total 51200K, used 28750K [0x000000008ac00000, 0x0000000100000000)
  region size 1024K, 2 young (2048K), 2 survivors (2048K)
 Metaspace       used 61084K, committed 61824K, reserved 1114112K
  class space    used 8260K, committed 8576K, reserved 1048576K
}
Event: 10.159 GC heap before
{Heap before GC invocations=16 (full 0):
 garbage-first heap   total 51200K, used 45134K [0x000000008ac00000, 0x0000000100000000)
  region size 1024K, 18 young (18432K), 2 survivors (2048K)
 Metaspace       used 63154K, committed 63936K, reserved 1114112K
  class space    used 8547K, committed 8896K, reserved 1048576K
}
Event: 10.164 GC heap after
{Heap after GC invocations=17 (full 0):
 garbage-first heap   total 51200K, used 30316K [0x000000008ac00000, 0x0000000100000000)
  region size 1024K, 2 young (2048K), 2 survivors (2048K)
 Metaspace       used 63154K, committed 63936K, reserved 1114112K
  class space    used 8547K, committed 8896K, reserved 1048576K
}

